  Source.cpp
C:\Users\PC\Desktop\UPN\6to--2023_2\ComputacionGrafica\Codigo_C++\Project - Astronauta_grupo\Source.cpp(38,29): warning C4305: 'inicializando': truncamiento de 'double' a 'GLfloat'
C:\Users\PC\Desktop\UPN\6to--2023_2\ComputacionGrafica\Codigo_C++\Project - Astronauta_grupo\Source.cpp(38,35): warning C4305: 'inicializando': truncamiento de 'double' a 'GLfloat'
C:\Users\PC\Desktop\UPN\6to--2023_2\ComputacionGrafica\Codigo_C++\Project - Astronauta_grupo\Source.cpp(38,41): warning C4305: 'inicializando': truncamiento de 'double' a 'GLfloat'
C:\Users\PC\Desktop\UPN\6to--2023_2\ComputacionGrafica\Codigo_C++\Project - Astronauta_grupo\Source.cpp(40,30): warning C4305: 'inicializando': truncamiento de 'double' a 'GLfloat'
C:\Users\PC\Desktop\UPN\6to--2023_2\ComputacionGrafica\Codigo_C++\Project - Astronauta_grupo\Source.cpp(40,35): warning C4305: 'inicializando': truncamiento de 'double' a 'GLfloat'
C:\Users\PC\Desktop\UPN\6to--2023_2\ComputacionGrafica\Codigo_C++\Project - Astronauta_grupo\Source.cpp(40,40): warning C4305: 'inicializando': truncamiento de 'double' a 'GLfloat'
C:\Users\PC\Desktop\UPN\6to--2023_2\ComputacionGrafica\Codigo_C++\Project - Astronauta_grupo\Source.cpp(61,29): warning C4244: '=': conversión de 'int' a 'float'; posible pérdida de datos
C:\Users\PC\Desktop\UPN\6to--2023_2\ComputacionGrafica\Codigo_C++\Project - Astronauta_grupo\Source.cpp(62,29): warning C4244: '=': conversión de 'int' a 'float'; posible pérdida de datos
C:\Users\PC\Desktop\UPN\6to--2023_2\ComputacionGrafica\Codigo_C++\Project - Astronauta_grupo\Source.cpp(63,29): warning C4244: '=': conversión de 'int' a 'float'; posible pérdida de datos
C:\Users\PC\Desktop\UPN\6to--2023_2\ComputacionGrafica\Codigo_C++\Project - Astronauta_grupo\Source.cpp(96,45): warning C4244: '=': conversión de 'double' a 'float'; posible pérdida de datos
C:\Users\PC\Desktop\UPN\6to--2023_2\ComputacionGrafica\Codigo_C++\Project - Astronauta_grupo\Source.cpp(115,47): warning C4244: 'argumento': conversión de 'int' a 'GLfloat'; posible pérdida de datos
C:\Users\PC\Desktop\UPN\6to--2023_2\ComputacionGrafica\Codigo_C++\Project - Astronauta_grupo\Source.cpp(115,15): warning C4244: 'argumento': conversión de 'int' a 'GLfloat'; posible pérdida de datos
C:\Users\PC\Desktop\UPN\6to--2023_2\ComputacionGrafica\Codigo_C++\Project - Astronauta_grupo\Source.cpp(116,55): warning C4244: 'argumento': conversión de 'int' a 'GLfloat'; posible pérdida de datos
C:\Users\PC\Desktop\UPN\6to--2023_2\ComputacionGrafica\Codigo_C++\Project - Astronauta_grupo\Source.cpp(116,17): warning C4244: 'argumento': conversión de 'int' a 'GLfloat'; posible pérdida de datos
C:\Users\PC\Desktop\UPN\6to--2023_2\ComputacionGrafica\Codigo_C++\Project - Astronauta_grupo\Source.cpp(117,61): warning C4244: 'argumento': conversión de 'int' a 'GLfloat'; posible pérdida de datos
C:\Users\PC\Desktop\UPN\6to--2023_2\ComputacionGrafica\Codigo_C++\Project - Astronauta_grupo\Source.cpp(117,17): warning C4244: 'argumento': conversión de 'int' a 'GLfloat'; posible pérdida de datos
C:\Users\PC\Desktop\UPN\6to--2023_2\ComputacionGrafica\Codigo_C++\Project - Astronauta_grupo\Source.cpp(118,53): warning C4244: 'argumento': conversión de 'int' a 'GLfloat'; posible pérdida de datos
C:\Users\PC\Desktop\UPN\6to--2023_2\ComputacionGrafica\Codigo_C++\Project - Astronauta_grupo\Source.cpp(118,15): warning C4244: 'argumento': conversión de 'int' a 'GLfloat'; posible pérdida de datos
C:\Users\PC\Desktop\UPN\6to--2023_2\ComputacionGrafica\Codigo_C++\Project - Astronauta_grupo\Source.cpp(345,41): warning C4305: 'argumento': truncamiento de 'double' a 'GLclampf'
C:\Users\PC\Desktop\UPN\6to--2023_2\ComputacionGrafica\Codigo_C++\Project - Astronauta_grupo\Source.cpp(345,29): warning C4305: 'argumento': truncamiento de 'double' a 'GLclampf'
C:\Users\PC\Desktop\UPN\6to--2023_2\ComputacionGrafica\Codigo_C++\Project - Astronauta_grupo\Source.cpp(345,17): warning C4305: 'argumento': truncamiento de 'double' a 'GLclampf'
C:\Users\PC\Desktop\UPN\6to--2023_2\ComputacionGrafica\Codigo_C++\Project - Astronauta_grupo\Source.cpp(350,28): warning C4305: 'inicializando': truncamiento de 'double' a 'GLfloat'
C:\Users\PC\Desktop\UPN\6to--2023_2\ComputacionGrafica\Codigo_C++\Project - Astronauta_grupo\Source.cpp(350,33): warning C4305: 'inicializando': truncamiento de 'double' a 'GLfloat'
C:\Users\PC\Desktop\UPN\6to--2023_2\ComputacionGrafica\Codigo_C++\Project - Astronauta_grupo\Source.cpp(350,38): warning C4305: 'inicializando': truncamiento de 'double' a 'GLfloat'
C:\Users\PC\Desktop\UPN\6to--2023_2\ComputacionGrafica\Codigo_C++\Project - Astronauta_grupo\Source.cpp(366,45): warning C4305: 'argumento': truncamiento de 'double' a 'GLfloat'
C:\Users\PC\Desktop\UPN\6to--2023_2\ComputacionGrafica\Codigo_C++\Project - Astronauta_grupo\Source.cpp(367,48): warning C4305: 'argumento': truncamiento de 'double' a 'GLfloat'
C:\Users\PC\Desktop\UPN\6to--2023_2\ComputacionGrafica\Codigo_C++\Project - Astronauta_grupo\Source.cpp(385,21): warning C4305: 'argumento': truncamiento de 'double' a 'GLfloat'
C:\Users\PC\Desktop\UPN\6to--2023_2\ComputacionGrafica\Codigo_C++\Project - Astronauta_grupo\Source.cpp(385,16): warning C4305: 'argumento': truncamiento de 'double' a 'GLfloat'
C:\Users\PC\Desktop\UPN\6to--2023_2\ComputacionGrafica\Codigo_C++\Project - Astronauta_grupo\Source.cpp(385,11): warning C4305: 'argumento': truncamiento de 'double' a 'GLfloat'
C:\Users\PC\Desktop\UPN\6to--2023_2\ComputacionGrafica\Codigo_C++\Project - Astronauta_grupo\Source.cpp(414,17): warning C4305: '+=': truncamiento de 'double' a 'float'
C:\Users\PC\Desktop\UPN\6to--2023_2\ComputacionGrafica\Codigo_C++\Project - Astronauta_grupo\Source.cpp(417,18): warning C4305: '+=': truncamiento de 'double' a 'float'
C:\Users\PC\Desktop\UPN\6to--2023_2\ComputacionGrafica\Codigo_C++\Project - Astronauta_grupo\Source.cpp(437,12): warning C4244: 'argumento': conversión de 'time_t' a 'unsigned int'; posible pérdida de datos
  Project - Astronauta.vcxproj -> C:\Users\PC\Desktop\UPN\6to--2023_2\ComputacionGrafica\Codigo_C++\Project - Astronauta_grupo\x64\Debug\Project - Astronauta.exe
