  Main.cpp
C:\Users\PC\Desktop\UPN\6to--2023_2\ComputacionGrafica\Codigo_C++\Semana12_3D-movimiento\Semana12_3D-movimiento\Main.cpp(14,13): warning C4305: 'inicializando': truncamiento de 'double' a 'float'
C:\Users\PC\Desktop\UPN\6to--2023_2\ComputacionGrafica\Codigo_C++\Semana12_3D-movimiento\Semana12_3D-movimiento\Main.cpp(15,14): warning C4305: 'inicializando': truncamiento de 'double' a 'float'
C:\Users\PC\Desktop\UPN\6to--2023_2\ComputacionGrafica\Codigo_C++\Semana12_3D-movimiento\Semana12_3D-movimiento\Main.cpp(56,29): warning C4305: 'inicializando': truncamiento de 'double' a 'GLfloat'
C:\Users\PC\Desktop\UPN\6to--2023_2\ComputacionGrafica\Codigo_C++\Semana12_3D-movimiento\Semana12_3D-movimiento\Main.cpp(56,33): warning C4305: 'inicializando': truncamiento de 'double' a 'GLfloat'
C:\Users\PC\Desktop\UPN\6to--2023_2\ComputacionGrafica\Codigo_C++\Semana12_3D-movimiento\Semana12_3D-movimiento\Main.cpp(56,37): warning C4305: 'inicializando': truncamiento de 'double' a 'GLfloat'
C:\Users\PC\Desktop\UPN\6to--2023_2\ComputacionGrafica\Codigo_C++\Semana12_3D-movimiento\Semana12_3D-movimiento\Main.cpp(57,27): warning C4305: 'inicializando': truncamiento de 'double' a 'GLfloat'
C:\Users\PC\Desktop\UPN\6to--2023_2\ComputacionGrafica\Codigo_C++\Semana12_3D-movimiento\Semana12_3D-movimiento\Main.cpp(57,31): warning C4305: 'inicializando': truncamiento de 'double' a 'GLfloat'
C:\Users\PC\Desktop\UPN\6to--2023_2\ComputacionGrafica\Codigo_C++\Semana12_3D-movimiento\Semana12_3D-movimiento\Main.cpp(57,35): warning C4305: 'inicializando': truncamiento de 'double' a 'GLfloat'
C:\Users\PC\Desktop\UPN\6to--2023_2\ComputacionGrafica\Codigo_C++\Semana12_3D-movimiento\Semana12_3D-movimiento\Main.cpp(58,30): warning C4305: 'inicializando': truncamiento de 'double' a 'GLfloat'
C:\Users\PC\Desktop\UPN\6to--2023_2\ComputacionGrafica\Codigo_C++\Semana12_3D-movimiento\Semana12_3D-movimiento\Main.cpp(58,34): warning C4305: 'inicializando': truncamiento de 'double' a 'GLfloat'
C:\Users\PC\Desktop\UPN\6to--2023_2\ComputacionGrafica\Codigo_C++\Semana12_3D-movimiento\Semana12_3D-movimiento\Main.cpp(58,38): warning C4305: 'inicializando': truncamiento de 'double' a 'GLfloat'
C:\Users\PC\Desktop\UPN\6to--2023_2\ComputacionGrafica\Codigo_C++\Semana12_3D-movimiento\Semana12_3D-movimiento\Main.cpp(81,31): warning C4305: 'inicializando': truncamiento de 'double' a 'GLfloat'
C:\Users\PC\Desktop\UPN\6to--2023_2\ComputacionGrafica\Codigo_C++\Semana12_3D-movimiento\Semana12_3D-movimiento\Main.cpp(81,35): warning C4305: 'inicializando': truncamiento de 'double' a 'GLfloat'
C:\Users\PC\Desktop\UPN\6to--2023_2\ComputacionGrafica\Codigo_C++\Semana12_3D-movimiento\Semana12_3D-movimiento\Main.cpp(81,39): warning C4305: 'inicializando': truncamiento de 'double' a 'GLfloat'
C:\Users\PC\Desktop\UPN\6to--2023_2\ComputacionGrafica\Codigo_C++\Semana12_3D-movimiento\Semana12_3D-movimiento\Main.cpp(82,31): warning C4305: 'inicializando': truncamiento de 'double' a 'GLfloat'
C:\Users\PC\Desktop\UPN\6to--2023_2\ComputacionGrafica\Codigo_C++\Semana12_3D-movimiento\Semana12_3D-movimiento\Main.cpp(82,35): warning C4305: 'inicializando': truncamiento de 'double' a 'GLfloat'
C:\Users\PC\Desktop\UPN\6to--2023_2\ComputacionGrafica\Codigo_C++\Semana12_3D-movimiento\Semana12_3D-movimiento\Main.cpp(82,39): warning C4305: 'inicializando': truncamiento de 'double' a 'GLfloat'
C:\Users\PC\Desktop\UPN\6to--2023_2\ComputacionGrafica\Codigo_C++\Semana12_3D-movimiento\Semana12_3D-movimiento\Main.cpp(83,32): warning C4305: 'inicializando': truncamiento de 'double' a 'GLfloat'
C:\Users\PC\Desktop\UPN\6to--2023_2\ComputacionGrafica\Codigo_C++\Semana12_3D-movimiento\Semana12_3D-movimiento\Main.cpp(83,36): warning C4305: 'inicializando': truncamiento de 'double' a 'GLfloat'
C:\Users\PC\Desktop\UPN\6to--2023_2\ComputacionGrafica\Codigo_C++\Semana12_3D-movimiento\Semana12_3D-movimiento\Main.cpp(83,40): warning C4305: 'inicializando': truncamiento de 'double' a 'GLfloat'
C:\Users\PC\Desktop\UPN\6to--2023_2\ComputacionGrafica\Codigo_C++\Semana12_3D-movimiento\Semana12_3D-movimiento\Main.cpp(283,45): warning C4305: 'argumento': truncamiento de 'double' a 'GLclampf'
C:\Users\PC\Desktop\UPN\6to--2023_2\ComputacionGrafica\Codigo_C++\Semana12_3D-movimiento\Semana12_3D-movimiento\Main.cpp(308,17): warning C4305: '+=': truncamiento de 'double' a 'float'
C:\Users\PC\Desktop\UPN\6to--2023_2\ComputacionGrafica\Codigo_C++\Semana12_3D-movimiento\Semana12_3D-movimiento\Main.cpp(311,17): warning C4305: '-=': truncamiento de 'double' a 'float'
  Semana12_3D-movimiento.vcxproj -> C:\Users\PC\Desktop\UPN\6to--2023_2\ComputacionGrafica\Codigo_C++\Semana12_3D-movimiento\x64\Debug\Semana12_3D-movimiento.exe
