  Main.cpp
C:\Users\PC\Desktop\UPN\6to--2023_2\ComputacionGrafica\Codigo_C++\Semana4_T1\Minions\Main.cpp(42,10): warning C4244: '=': conversión de 'double' a 'float'; posible pérdida de datos
C:\Users\PC\Desktop\UPN\6to--2023_2\ComputacionGrafica\Codigo_C++\Semana4_T1\Minions\Main.cpp(46,10): warning C4244: '=': conversión de 'double' a 'float'; posible pérdida de datos
C:\Users\PC\Desktop\UPN\6to--2023_2\ComputacionGrafica\Codigo_C++\Semana4_T1\Minions\Main.cpp(53,10): warning C4244: '=': conversión de 'double' a 'float'; posible pérdida de datos
C:\Users\PC\Desktop\UPN\6to--2023_2\ComputacionGrafica\Codigo_C++\Semana4_T1\Minions\Main.cpp(57,10): warning C4244: '=': conversión de 'double' a 'float'; posible pérdida de datos
C:\Users\PC\Desktop\UPN\6to--2023_2\ComputacionGrafica\Codigo_C++\Semana4_T1\Minions\Main.cpp(68,28): warning C4305: 'argumento': truncamiento de 'double' a 'GLfloat'
C:\Users\PC\Desktop\UPN\6to--2023_2\ComputacionGrafica\Codigo_C++\Semana4_T1\Minions\Main.cpp(77,27): warning C4305: 'argumento': truncamiento de 'double' a 'GLfloat'
C:\Users\PC\Desktop\UPN\6to--2023_2\ComputacionGrafica\Codigo_C++\Semana4_T1\Minions\Main.cpp(167,27): warning C4305: 'argumento': truncamiento de 'double' a 'GLfloat'
C:\Users\PC\Desktop\UPN\6to--2023_2\ComputacionGrafica\Codigo_C++\Semana4_T1\Minions\Main.cpp(268,28): warning C4305: 'argumento': truncamiento de 'double' a 'GLfloat'
C:\Users\PC\Desktop\UPN\6to--2023_2\ComputacionGrafica\Codigo_C++\Semana4_T1\Minions\Main.cpp(364,28): warning C4305: 'argumento': truncamiento de 'double' a 'GLfloat'
C:\Users\PC\Desktop\UPN\6to--2023_2\ComputacionGrafica\Codigo_C++\Semana4_T1\Minions\Main.cpp(439,28): warning C4305: 'argumento': truncamiento de 'double' a 'GLfloat'
C:\Users\PC\Desktop\UPN\6to--2023_2\ComputacionGrafica\Codigo_C++\Semana4_T1\Minions\Main.cpp(503,28): warning C4305: 'argumento': truncamiento de 'double' a 'GLfloat'
C:\Users\PC\Desktop\UPN\6to--2023_2\ComputacionGrafica\Codigo_C++\Semana4_T1\Minions\Main.cpp(567,28): warning C4305: 'argumento': truncamiento de 'double' a 'GLfloat'
C:\Users\PC\Desktop\UPN\6to--2023_2\ComputacionGrafica\Codigo_C++\Semana4_T1\Minions\Main.cpp(613,28): warning C4305: 'argumento': truncamiento de 'double' a 'GLfloat'
C:\Users\PC\Desktop\UPN\6to--2023_2\ComputacionGrafica\Codigo_C++\Semana4_T1\Minions\Main.cpp(699,28): warning C4305: 'argumento': truncamiento de 'double' a 'GLfloat'
C:\Users\PC\Desktop\UPN\6to--2023_2\ComputacionGrafica\Codigo_C++\Semana4_T1\Minions\Main.cpp(707,27): warning C4305: 'argumento': truncamiento de 'double' a 'GLfloat'
C:\Users\PC\Desktop\UPN\6to--2023_2\ComputacionGrafica\Codigo_C++\Semana4_T1\Minions\Main.cpp(715,28): warning C4305: 'argumento': truncamiento de 'double' a 'GLfloat'
C:\Users\PC\Desktop\UPN\6to--2023_2\ComputacionGrafica\Codigo_C++\Semana4_T1\Minions\Main.cpp(754,28): warning C4305: 'argumento': truncamiento de 'double' a 'GLfloat'
C:\Users\PC\Desktop\UPN\6to--2023_2\ComputacionGrafica\Codigo_C++\Semana4_T1\Minions\Main.cpp(762,28): warning C4305: 'argumento': truncamiento de 'double' a 'GLfloat'
C:\Users\PC\Desktop\UPN\6to--2023_2\ComputacionGrafica\Codigo_C++\Semana4_T1\Minions\Main.cpp(770,28): warning C4305: 'argumento': truncamiento de 'double' a 'GLfloat'
C:\Users\PC\Desktop\UPN\6to--2023_2\ComputacionGrafica\Codigo_C++\Semana4_T1\Minions\Main.cpp(780,28): warning C4305: 'argumento': truncamiento de 'double' a 'GLfloat'
C:\Users\PC\Desktop\UPN\6to--2023_2\ComputacionGrafica\Codigo_C++\Semana4_T1\Minions\Main.cpp(790,28): warning C4305: 'argumento': truncamiento de 'double' a 'GLfloat'
C:\Users\PC\Desktop\UPN\6to--2023_2\ComputacionGrafica\Codigo_C++\Semana4_T1\Minions\Main.cpp(798,28): warning C4305: 'argumento': truncamiento de 'double' a 'GLfloat'
C:\Users\PC\Desktop\UPN\6to--2023_2\ComputacionGrafica\Codigo_C++\Semana4_T1\Minions\Main.cpp(806,28): warning C4305: 'argumento': truncamiento de 'double' a 'GLfloat'
C:\Users\PC\Desktop\UPN\6to--2023_2\ComputacionGrafica\Codigo_C++\Semana4_T1\Minions\Main.cpp(814,28): warning C4305: 'argumento': truncamiento de 'double' a 'GLfloat'
C:\Users\PC\Desktop\UPN\6to--2023_2\ComputacionGrafica\Codigo_C++\Semana4_T1\Minions\Main.cpp(823,28): warning C4305: 'argumento': truncamiento de 'double' a 'GLfloat'
C:\Users\PC\Desktop\UPN\6to--2023_2\ComputacionGrafica\Codigo_C++\Semana4_T1\Minions\Main.cpp(864,28): warning C4305: 'argumento': truncamiento de 'double' a 'GLfloat'
C:\Users\PC\Desktop\UPN\6to--2023_2\ComputacionGrafica\Codigo_C++\Semana4_T1\Minions\Main.cpp(886,28): warning C4305: 'argumento': truncamiento de 'double' a 'GLfloat'
C:\Users\PC\Desktop\UPN\6to--2023_2\ComputacionGrafica\Codigo_C++\Semana4_T1\Minions\Main.cpp(914,28): warning C4305: 'argumento': truncamiento de 'double' a 'GLfloat'
C:\Users\PC\Desktop\UPN\6to--2023_2\ComputacionGrafica\Codigo_C++\Semana4_T1\Minions\Main.cpp(958,28): warning C4305: 'argumento': truncamiento de 'double' a 'GLfloat'
C:\Users\PC\Desktop\UPN\6to--2023_2\ComputacionGrafica\Codigo_C++\Semana4_T1\Minions\Main.cpp(1019,28): warning C4305: 'argumento': truncamiento de 'double' a 'GLfloat'
C:\Users\PC\Desktop\UPN\6to--2023_2\ComputacionGrafica\Codigo_C++\Semana4_T1\Minions\Main.cpp(1033,28): warning C4305: 'argumento': truncamiento de 'double' a 'GLfloat'
C:\Users\PC\Desktop\UPN\6to--2023_2\ComputacionGrafica\Codigo_C++\Semana4_T1\Minions\Main.cpp(1059,28): warning C4305: 'argumento': truncamiento de 'double' a 'GLfloat'
C:\Users\PC\Desktop\UPN\6to--2023_2\ComputacionGrafica\Codigo_C++\Semana4_T1\Minions\Main.cpp(1083,28): warning C4305: 'argumento': truncamiento de 'double' a 'GLfloat'
C:\Users\PC\Desktop\UPN\6to--2023_2\ComputacionGrafica\Codigo_C++\Semana4_T1\Minions\Main.cpp(1119,28): warning C4305: 'argumento': truncamiento de 'double' a 'GLfloat'
C:\Users\PC\Desktop\UPN\6to--2023_2\ComputacionGrafica\Codigo_C++\Semana4_T1\Minions\Main.cpp(1150,28): warning C4305: 'argumento': truncamiento de 'double' a 'GLfloat'
C:\Users\PC\Desktop\UPN\6to--2023_2\ComputacionGrafica\Codigo_C++\Semana4_T1\Minions\Main.cpp(1179,28): warning C4305: 'argumento': truncamiento de 'double' a 'GLfloat'
C:\Users\PC\Desktop\UPN\6to--2023_2\ComputacionGrafica\Codigo_C++\Semana4_T1\Minions\Main.cpp(1190,28): warning C4305: 'argumento': truncamiento de 'double' a 'GLfloat'
C:\Users\PC\Desktop\UPN\6to--2023_2\ComputacionGrafica\Codigo_C++\Semana4_T1\Minions\Main.cpp(1207,28): warning C4305: 'argumento': truncamiento de 'double' a 'GLfloat'
C:\Users\PC\Desktop\UPN\6to--2023_2\ComputacionGrafica\Codigo_C++\Semana4_T1\Minions\Main.cpp(1234,28): warning C4305: 'argumento': truncamiento de 'double' a 'GLfloat'
C:\Users\PC\Desktop\UPN\6to--2023_2\ComputacionGrafica\Codigo_C++\Semana4_T1\Minions\Main.cpp(1277,28): warning C4305: 'argumento': truncamiento de 'double' a 'GLfloat'
C:\Users\PC\Desktop\UPN\6to--2023_2\ComputacionGrafica\Codigo_C++\Semana4_T1\Minions\Main.cpp(1336,28): warning C4305: 'argumento': truncamiento de 'double' a 'GLfloat'
C:\Users\PC\Desktop\UPN\6to--2023_2\ComputacionGrafica\Codigo_C++\Semana4_T1\Minions\Main.cpp(1351,28): warning C4305: 'argumento': truncamiento de 'double' a 'GLfloat'
C:\Users\PC\Desktop\UPN\6to--2023_2\ComputacionGrafica\Codigo_C++\Semana4_T1\Minions\Main.cpp(1356,27): warning C4305: 'argumento': truncamiento de 'double' a 'GLfloat'
C:\Users\PC\Desktop\UPN\6to--2023_2\ComputacionGrafica\Codigo_C++\Semana4_T1\Minions\Main.cpp(1373,28): warning C4305: 'argumento': truncamiento de 'double' a 'GLfloat'
C:\Users\PC\Desktop\UPN\6to--2023_2\ComputacionGrafica\Codigo_C++\Semana4_T1\Minions\Main.cpp(1403,28): warning C4305: 'argumento': truncamiento de 'double' a 'GLfloat'
C:\Users\PC\Desktop\UPN\6to--2023_2\ComputacionGrafica\Codigo_C++\Semana4_T1\Minions\Main.cpp(1414,28): warning C4305: 'argumento': truncamiento de 'double' a 'GLfloat'
C:\Users\PC\Desktop\UPN\6to--2023_2\ComputacionGrafica\Codigo_C++\Semana4_T1\Minions\Main.cpp(1426,27): warning C4305: 'argumento': truncamiento de 'double' a 'GLfloat'
C:\Users\PC\Desktop\UPN\6to--2023_2\ComputacionGrafica\Codigo_C++\Semana4_T1\Minions\Main.cpp(1440,27): warning C4305: 'argumento': truncamiento de 'double' a 'GLfloat'
C:\Users\PC\Desktop\UPN\6to--2023_2\ComputacionGrafica\Codigo_C++\Semana4_T1\Minions\Main.cpp(1455,27): warning C4305: 'argumento': truncamiento de 'double' a 'GLfloat'
C:\Users\PC\Desktop\UPN\6to--2023_2\ComputacionGrafica\Codigo_C++\Semana4_T1\Minions\Main.cpp(1472,27): warning C4305: 'argumento': truncamiento de 'double' a 'GLfloat'
C:\Users\PC\Desktop\UPN\6to--2023_2\ComputacionGrafica\Codigo_C++\Semana4_T1\Minions\Main.cpp(1488,27): warning C4305: 'argumento': truncamiento de 'double' a 'GLfloat'
C:\Users\PC\Desktop\UPN\6to--2023_2\ComputacionGrafica\Codigo_C++\Semana4_T1\Minions\Main.cpp(1493,27): warning C4305: 'argumento': truncamiento de 'double' a 'GLfloat'
C:\Users\PC\Desktop\UPN\6to--2023_2\ComputacionGrafica\Codigo_C++\Semana4_T1\Minions\Main.cpp(1498,27): warning C4305: 'argumento': truncamiento de 'double' a 'GLfloat'
C:\Users\PC\Desktop\UPN\6to--2023_2\ComputacionGrafica\Codigo_C++\Semana4_T1\Minions\Main.cpp(1503,27): warning C4305: 'argumento': truncamiento de 'double' a 'GLfloat'
C:\Users\PC\Desktop\UPN\6to--2023_2\ComputacionGrafica\Codigo_C++\Semana4_T1\Minions\Main.cpp(1522,28): warning C4305: 'argumento': truncamiento de 'double' a 'GLfloat'
C:\Users\PC\Desktop\UPN\6to--2023_2\ComputacionGrafica\Codigo_C++\Semana4_T1\Minions\Main.cpp(1549,28): warning C4305: 'argumento': truncamiento de 'double' a 'GLfloat'
C:\Users\PC\Desktop\UPN\6to--2023_2\ComputacionGrafica\Codigo_C++\Semana4_T1\Minions\Main.cpp(1597,28): warning C4305: 'argumento': truncamiento de 'double' a 'GLfloat'
C:\Users\PC\Desktop\UPN\6to--2023_2\ComputacionGrafica\Codigo_C++\Semana4_T1\Minions\Main.cpp(1599,15): warning C4244: 'argumento': conversión de 'float' a 'GLint'; posible pérdida de datos
C:\Users\PC\Desktop\UPN\6to--2023_2\ComputacionGrafica\Codigo_C++\Semana4_T1\Minions\Main.cpp(1600,15): warning C4244: 'argumento': conversión de 'float' a 'GLint'; posible pérdida de datos
C:\Users\PC\Desktop\UPN\6to--2023_2\ComputacionGrafica\Codigo_C++\Semana4_T1\Minions\Main.cpp(1601,15): warning C4244: 'argumento': conversión de 'float' a 'GLint'; posible pérdida de datos
C:\Users\PC\Desktop\UPN\6to--2023_2\ComputacionGrafica\Codigo_C++\Semana4_T1\Minions\Main.cpp(1602,15): warning C4244: 'argumento': conversión de 'float' a 'GLint'; posible pérdida de datos
C:\Users\PC\Desktop\UPN\6to--2023_2\ComputacionGrafica\Codigo_C++\Semana4_T1\Minions\Main.cpp(1603,15): warning C4244: 'argumento': conversión de 'float' a 'GLint'; posible pérdida de datos
C:\Users\PC\Desktop\UPN\6to--2023_2\ComputacionGrafica\Codigo_C++\Semana4_T1\Minions\Main.cpp(1604,15): warning C4244: 'argumento': conversión de 'float' a 'GLint'; posible pérdida de datos
C:\Users\PC\Desktop\UPN\6to--2023_2\ComputacionGrafica\Codigo_C++\Semana4_T1\Minions\Main.cpp(1605,15): warning C4244: 'argumento': conversión de 'float' a 'GLint'; posible pérdida de datos
C:\Users\PC\Desktop\UPN\6to--2023_2\ComputacionGrafica\Codigo_C++\Semana4_T1\Minions\Main.cpp(1606,15): warning C4244: 'argumento': conversión de 'float' a 'GLint'; posible pérdida de datos
C:\Users\PC\Desktop\UPN\6to--2023_2\ComputacionGrafica\Codigo_C++\Semana4_T1\Minions\Main.cpp(1607,15): warning C4244: 'argumento': conversión de 'float' a 'GLint'; posible pérdida de datos
C:\Users\PC\Desktop\UPN\6to--2023_2\ComputacionGrafica\Codigo_C++\Semana4_T1\Minions\Main.cpp(1608,15): warning C4244: 'argumento': conversión de 'float' a 'GLint'; posible pérdida de datos
C:\Users\PC\Desktop\UPN\6to--2023_2\ComputacionGrafica\Codigo_C++\Semana4_T1\Minions\Main.cpp(1609,15): warning C4244: 'argumento': conversión de 'float' a 'GLint'; posible pérdida de datos
C:\Users\PC\Desktop\UPN\6to--2023_2\ComputacionGrafica\Codigo_C++\Semana4_T1\Minions\Main.cpp(1610,15): warning C4244: 'argumento': conversión de 'float' a 'GLint'; posible pérdida de datos
C:\Users\PC\Desktop\UPN\6to--2023_2\ComputacionGrafica\Codigo_C++\Semana4_T1\Minions\Main.cpp(1611,15): warning C4244: 'argumento': conversión de 'float' a 'GLint'; posible pérdida de datos
C:\Users\PC\Desktop\UPN\6to--2023_2\ComputacionGrafica\Codigo_C++\Semana4_T1\Minions\Main.cpp(1612,15): warning C4244: 'argumento': conversión de 'float' a 'GLint'; posible pérdida de datos
C:\Users\PC\Desktop\UPN\6to--2023_2\ComputacionGrafica\Codigo_C++\Semana4_T1\Minions\Main.cpp(1613,15): warning C4244: 'argumento': conversión de 'float' a 'GLint'; posible pérdida de datos
C:\Users\PC\Desktop\UPN\6to--2023_2\ComputacionGrafica\Codigo_C++\Semana4_T1\Minions\Main.cpp(1614,15): warning C4244: 'argumento': conversión de 'float' a 'GLint'; posible pérdida de datos
C:\Users\PC\Desktop\UPN\6to--2023_2\ComputacionGrafica\Codigo_C++\Semana4_T1\Minions\Main.cpp(1615,15): warning C4244: 'argumento': conversión de 'float' a 'GLint'; posible pérdida de datos
C:\Users\PC\Desktop\UPN\6to--2023_2\ComputacionGrafica\Codigo_C++\Semana4_T1\Minions\Main.cpp(1616,15): warning C4244: 'argumento': conversión de 'float' a 'GLint'; posible pérdida de datos
C:\Users\PC\Desktop\UPN\6to--2023_2\ComputacionGrafica\Codigo_C++\Semana4_T1\Minions\Main.cpp(1617,15): warning C4244: 'argumento': conversión de 'float' a 'GLint'; posible pérdida de datos
C:\Users\PC\Desktop\UPN\6to--2023_2\ComputacionGrafica\Codigo_C++\Semana4_T1\Minions\Main.cpp(1618,15): warning C4244: 'argumento': conversión de 'float' a 'GLint'; posible pérdida de datos
C:\Users\PC\Desktop\UPN\6to--2023_2\ComputacionGrafica\Codigo_C++\Semana4_T1\Minions\Main.cpp(1619,15): warning C4244: 'argumento': conversión de 'float' a 'GLint'; posible pérdida de datos
C:\Users\PC\Desktop\UPN\6to--2023_2\ComputacionGrafica\Codigo_C++\Semana4_T1\Minions\Main.cpp(1620,15): warning C4244: 'argumento': conversión de 'float' a 'GLint'; posible pérdida de datos
C:\Users\PC\Desktop\UPN\6to--2023_2\ComputacionGrafica\Codigo_C++\Semana4_T1\Minions\Main.cpp(1621,15): warning C4244: 'argumento': conversión de 'float' a 'GLint'; posible pérdida de datos
C:\Users\PC\Desktop\UPN\6to--2023_2\ComputacionGrafica\Codigo_C++\Semana4_T1\Minions\Main.cpp(1622,15): warning C4244: 'argumento': conversión de 'float' a 'GLint'; posible pérdida de datos
C:\Users\PC\Desktop\UPN\6to--2023_2\ComputacionGrafica\Codigo_C++\Semana4_T1\Minions\Main.cpp(1623,15): warning C4244: 'argumento': conversión de 'float' a 'GLint'; posible pérdida de datos
C:\Users\PC\Desktop\UPN\6to--2023_2\ComputacionGrafica\Codigo_C++\Semana4_T1\Minions\Main.cpp(1624,15): warning C4244: 'argumento': conversión de 'float' a 'GLint'; posible pérdida de datos
C:\Users\PC\Desktop\UPN\6to--2023_2\ComputacionGrafica\Codigo_C++\Semana4_T1\Minions\Main.cpp(1625,15): warning C4244: 'argumento': conversión de 'float' a 'GLint'; posible pérdida de datos
C:\Users\PC\Desktop\UPN\6to--2023_2\ComputacionGrafica\Codigo_C++\Semana4_T1\Minions\Main.cpp(1626,15): warning C4244: 'argumento': conversión de 'float' a 'GLint'; posible pérdida de datos
C:\Users\PC\Desktop\UPN\6to--2023_2\ComputacionGrafica\Codigo_C++\Semana4_T1\Minions\Main.cpp(1627,15): warning C4244: 'argumento': conversión de 'float' a 'GLint'; posible pérdida de datos
C:\Users\PC\Desktop\UPN\6to--2023_2\ComputacionGrafica\Codigo_C++\Semana4_T1\Minions\Main.cpp(1628,15): warning C4244: 'argumento': conversión de 'float' a 'GLint'; posible pérdida de datos
C:\Users\PC\Desktop\UPN\6to--2023_2\ComputacionGrafica\Codigo_C++\Semana4_T1\Minions\Main.cpp(1629,15): warning C4244: 'argumento': conversión de 'float' a 'GLint'; posible pérdida de datos
C:\Users\PC\Desktop\UPN\6to--2023_2\ComputacionGrafica\Codigo_C++\Semana4_T1\Minions\Main.cpp(1630,15): warning C4244: 'argumento': conversión de 'float' a 'GLint'; posible pérdida de datos
C:\Users\PC\Desktop\UPN\6to--2023_2\ComputacionGrafica\Codigo_C++\Semana4_T1\Minions\Main.cpp(1631,15): warning C4244: 'argumento': conversión de 'float' a 'GLint'; posible pérdida de datos
C:\Users\PC\Desktop\UPN\6to--2023_2\ComputacionGrafica\Codigo_C++\Semana4_T1\Minions\Main.cpp(1632,15): warning C4244: 'argumento': conversión de 'float' a 'GLint'; posible pérdida de datos
C:\Users\PC\Desktop\UPN\6to--2023_2\ComputacionGrafica\Codigo_C++\Semana4_T1\Minions\Main.cpp(1633,15): warning C4244: 'argumento': conversión de 'float' a 'GLint'; posible pérdida de datos
C:\Users\PC\Desktop\UPN\6to--2023_2\ComputacionGrafica\Codigo_C++\Semana4_T1\Minions\Main.cpp(1634,15): warning C4244: 'argumento': conversión de 'float' a 'GLint'; posible pérdida de datos
C:\Users\PC\Desktop\UPN\6to--2023_2\ComputacionGrafica\Codigo_C++\Semana4_T1\Minions\Main.cpp(1635,15): warning C4244: 'argumento': conversión de 'float' a 'GLint'; posible pérdida de datos
C:\Users\PC\Desktop\UPN\6to--2023_2\ComputacionGrafica\Codigo_C++\Semana4_T1\Minions\Main.cpp(1636,15): warning C4244: 'argumento': conversión de 'float' a 'GLint'; posible pérdida de datos
C:\Users\PC\Desktop\UPN\6to--2023_2\ComputacionGrafica\Codigo_C++\Semana4_T1\Minions\Main.cpp(1637,15): warning C4244: 'argumento': conversión de 'float' a 'GLint'; posible pérdida de datos
C:\Users\PC\Desktop\UPN\6to--2023_2\ComputacionGrafica\Codigo_C++\Semana4_T1\Minions\Main.cpp(1638,15): warning C4244: 'argumento': conversión de 'float' a 'GLint'; posible pérdida de datos
C:\Users\PC\Desktop\UPN\6to--2023_2\ComputacionGrafica\Codigo_C++\Semana4_T1\Minions\Main.cpp(1639,15): warning C4244: 'argumento': conversión de 'float' a 'GLint'; posible pérdida de datos
C:\Users\PC\Desktop\UPN\6to--2023_2\ComputacionGrafica\Codigo_C++\Semana4_T1\Minions\Main.cpp(1640,15): warning C4244: 'argumento': conversión de 'float' a 'GLint'; posible pérdida de datos
C:\Users\PC\Desktop\UPN\6to--2023_2\ComputacionGrafica\Codigo_C++\Semana4_T1\Minions\Main.cpp(1641,15): warning C4244: 'argumento': conversión de 'float' a 'GLint'; posible pérdida de datos
C:\Users\PC\Desktop\UPN\6to--2023_2\ComputacionGrafica\Codigo_C++\Semana4_T1\Minions\Main.cpp(1641,41): warning C4244: 'argumento': conversión de 'float' a 'GLint'; posible pérdida de datos
C:\Users\PC\Desktop\UPN\6to--2023_2\ComputacionGrafica\Codigo_C++\Semana4_T1\Minions\Main.cpp(1649,26): warning C4305: 'argumento': truncamiento de 'double' a 'GLfloat'
C:\Users\PC\Desktop\UPN\6to--2023_2\ComputacionGrafica\Codigo_C++\Semana4_T1\Minions\Main.cpp(1669,27): warning C4305: 'argumento': truncamiento de 'double' a 'GLfloat'
  Minions.vcxproj -> C:\Users\PC\Desktop\UPN\6to--2023_2\ComputacionGrafica\Codigo_C++\Semana4_T1\x64\Debug\Minions.exe
