  Main.cpp
C:\Users\PC\Desktop\UPN\6to--2023_2\ComputacionGrafica\Codigo_C++\Semana10_imagenes_en-3d\Semana10-3d-pared_con_imagen\Main.cpp(19,13): warning C4305: 'inicializando': truncamiento de 'double' a 'float'
C:\Users\PC\Desktop\UPN\6to--2023_2\ComputacionGrafica\Codigo_C++\Semana10_imagenes_en-3d\Semana10-3d-pared_con_imagen\Main.cpp(20,14): warning C4305: 'inicializando': truncamiento de 'double' a 'float'
C:\Users\PC\Desktop\UPN\6to--2023_2\ComputacionGrafica\Codigo_C++\Semana10_imagenes_en-3d\Semana10-3d-pared_con_imagen\Main.cpp(57,29): warning C4305: 'inicializando': truncamiento de 'double' a 'GLfloat'
C:\Users\PC\Desktop\UPN\6to--2023_2\ComputacionGrafica\Codigo_C++\Semana10_imagenes_en-3d\Semana10-3d-pared_con_imagen\Main.cpp(57,33): warning C4305: 'inicializando': truncamiento de 'double' a 'GLfloat'
C:\Users\PC\Desktop\UPN\6to--2023_2\ComputacionGrafica\Codigo_C++\Semana10_imagenes_en-3d\Semana10-3d-pared_con_imagen\Main.cpp(57,37): warning C4305: 'inicializando': truncamiento de 'double' a 'GLfloat'
C:\Users\PC\Desktop\UPN\6to--2023_2\ComputacionGrafica\Codigo_C++\Semana10_imagenes_en-3d\Semana10-3d-pared_con_imagen\Main.cpp(58,27): warning C4305: 'inicializando': truncamiento de 'double' a 'GLfloat'
C:\Users\PC\Desktop\UPN\6to--2023_2\ComputacionGrafica\Codigo_C++\Semana10_imagenes_en-3d\Semana10-3d-pared_con_imagen\Main.cpp(58,31): warning C4305: 'inicializando': truncamiento de 'double' a 'GLfloat'
C:\Users\PC\Desktop\UPN\6to--2023_2\ComputacionGrafica\Codigo_C++\Semana10_imagenes_en-3d\Semana10-3d-pared_con_imagen\Main.cpp(58,35): warning C4305: 'inicializando': truncamiento de 'double' a 'GLfloat'
C:\Users\PC\Desktop\UPN\6to--2023_2\ComputacionGrafica\Codigo_C++\Semana10_imagenes_en-3d\Semana10-3d-pared_con_imagen\Main.cpp(59,30): warning C4305: 'inicializando': truncamiento de 'double' a 'GLfloat'
C:\Users\PC\Desktop\UPN\6to--2023_2\ComputacionGrafica\Codigo_C++\Semana10_imagenes_en-3d\Semana10-3d-pared_con_imagen\Main.cpp(59,34): warning C4305: 'inicializando': truncamiento de 'double' a 'GLfloat'
C:\Users\PC\Desktop\UPN\6to--2023_2\ComputacionGrafica\Codigo_C++\Semana10_imagenes_en-3d\Semana10-3d-pared_con_imagen\Main.cpp(59,38): warning C4305: 'inicializando': truncamiento de 'double' a 'GLfloat'
C:\Users\PC\Desktop\UPN\6to--2023_2\ComputacionGrafica\Codigo_C++\Semana10_imagenes_en-3d\Semana10-3d-pared_con_imagen\Main.cpp(82,31): warning C4305: 'inicializando': truncamiento de 'double' a 'GLfloat'
C:\Users\PC\Desktop\UPN\6to--2023_2\ComputacionGrafica\Codigo_C++\Semana10_imagenes_en-3d\Semana10-3d-pared_con_imagen\Main.cpp(82,35): warning C4305: 'inicializando': truncamiento de 'double' a 'GLfloat'
C:\Users\PC\Desktop\UPN\6to--2023_2\ComputacionGrafica\Codigo_C++\Semana10_imagenes_en-3d\Semana10-3d-pared_con_imagen\Main.cpp(82,39): warning C4305: 'inicializando': truncamiento de 'double' a 'GLfloat'
C:\Users\PC\Desktop\UPN\6to--2023_2\ComputacionGrafica\Codigo_C++\Semana10_imagenes_en-3d\Semana10-3d-pared_con_imagen\Main.cpp(83,31): warning C4305: 'inicializando': truncamiento de 'double' a 'GLfloat'
C:\Users\PC\Desktop\UPN\6to--2023_2\ComputacionGrafica\Codigo_C++\Semana10_imagenes_en-3d\Semana10-3d-pared_con_imagen\Main.cpp(83,35): warning C4305: 'inicializando': truncamiento de 'double' a 'GLfloat'
C:\Users\PC\Desktop\UPN\6to--2023_2\ComputacionGrafica\Codigo_C++\Semana10_imagenes_en-3d\Semana10-3d-pared_con_imagen\Main.cpp(83,39): warning C4305: 'inicializando': truncamiento de 'double' a 'GLfloat'
C:\Users\PC\Desktop\UPN\6to--2023_2\ComputacionGrafica\Codigo_C++\Semana10_imagenes_en-3d\Semana10-3d-pared_con_imagen\Main.cpp(84,32): warning C4305: 'inicializando': truncamiento de 'double' a 'GLfloat'
C:\Users\PC\Desktop\UPN\6to--2023_2\ComputacionGrafica\Codigo_C++\Semana10_imagenes_en-3d\Semana10-3d-pared_con_imagen\Main.cpp(84,36): warning C4305: 'inicializando': truncamiento de 'double' a 'GLfloat'
C:\Users\PC\Desktop\UPN\6to--2023_2\ComputacionGrafica\Codigo_C++\Semana10_imagenes_en-3d\Semana10-3d-pared_con_imagen\Main.cpp(84,40): warning C4305: 'inicializando': truncamiento de 'double' a 'GLfloat'
C:\Users\PC\Desktop\UPN\6to--2023_2\ComputacionGrafica\Codigo_C++\Semana10_imagenes_en-3d\Semana10-3d-pared_con_imagen\Main.cpp(189,45): warning C4305: 'argumento': truncamiento de 'double' a 'GLclampf'
C:\Users\PC\Desktop\UPN\6to--2023_2\ComputacionGrafica\Codigo_C++\Semana10_imagenes_en-3d\Semana10-3d-pared_con_imagen\Main.cpp(216,17): warning C4305: '+=': truncamiento de 'double' a 'float'
C:\Users\PC\Desktop\UPN\6to--2023_2\ComputacionGrafica\Codigo_C++\Semana10_imagenes_en-3d\Semana10-3d-pared_con_imagen\Main.cpp(219,17): warning C4305: '-=': truncamiento de 'double' a 'float'
  Semana10-3d-pared_con_imagen.vcxproj -> C:\Users\PC\Desktop\UPN\6to--2023_2\ComputacionGrafica\Codigo_C++\Semana10_imagenes_en-3d\x64\Debug\Semana10-3d-pared_con_imagen.exe
