  main.cpp
C:\Users\PC\Desktop\UPN\6to--2023_2\ComputacionGrafica\Codigo_C++\proyecto_astraonauta\proyecto_astraonauta\main.cpp(15,13): warning C4305: 'inicializando': truncamiento de 'double' a 'float'
C:\Users\PC\Desktop\UPN\6to--2023_2\ComputacionGrafica\Codigo_C++\proyecto_astraonauta\proyecto_astraonauta\main.cpp(16,14): warning C4305: 'inicializando': truncamiento de 'double' a 'float'
C:\Users\PC\Desktop\UPN\6to--2023_2\ComputacionGrafica\Codigo_C++\proyecto_astraonauta\proyecto_astraonauta\main.cpp(54,29): warning C4305: 'inicializando': truncamiento de 'double' a 'GLfloat'
C:\Users\PC\Desktop\UPN\6to--2023_2\ComputacionGrafica\Codigo_C++\proyecto_astraonauta\proyecto_astraonauta\main.cpp(54,33): warning C4305: 'inicializando': truncamiento de 'double' a 'GLfloat'
C:\Users\PC\Desktop\UPN\6to--2023_2\ComputacionGrafica\Codigo_C++\proyecto_astraonauta\proyecto_astraonauta\main.cpp(54,37): warning C4305: 'inicializando': truncamiento de 'double' a 'GLfloat'
C:\Users\PC\Desktop\UPN\6to--2023_2\ComputacionGrafica\Codigo_C++\proyecto_astraonauta\proyecto_astraonauta\main.cpp(55,27): warning C4305: 'inicializando': truncamiento de 'double' a 'GLfloat'
C:\Users\PC\Desktop\UPN\6to--2023_2\ComputacionGrafica\Codigo_C++\proyecto_astraonauta\proyecto_astraonauta\main.cpp(55,31): warning C4305: 'inicializando': truncamiento de 'double' a 'GLfloat'
C:\Users\PC\Desktop\UPN\6to--2023_2\ComputacionGrafica\Codigo_C++\proyecto_astraonauta\proyecto_astraonauta\main.cpp(55,35): warning C4305: 'inicializando': truncamiento de 'double' a 'GLfloat'
C:\Users\PC\Desktop\UPN\6to--2023_2\ComputacionGrafica\Codigo_C++\proyecto_astraonauta\proyecto_astraonauta\main.cpp(56,30): warning C4305: 'inicializando': truncamiento de 'double' a 'GLfloat'
C:\Users\PC\Desktop\UPN\6to--2023_2\ComputacionGrafica\Codigo_C++\proyecto_astraonauta\proyecto_astraonauta\main.cpp(56,34): warning C4305: 'inicializando': truncamiento de 'double' a 'GLfloat'
C:\Users\PC\Desktop\UPN\6to--2023_2\ComputacionGrafica\Codigo_C++\proyecto_astraonauta\proyecto_astraonauta\main.cpp(56,38): warning C4305: 'inicializando': truncamiento de 'double' a 'GLfloat'
C:\Users\PC\Desktop\UPN\6to--2023_2\ComputacionGrafica\Codigo_C++\proyecto_astraonauta\proyecto_astraonauta\main.cpp(79,31): warning C4305: 'inicializando': truncamiento de 'double' a 'GLfloat'
C:\Users\PC\Desktop\UPN\6to--2023_2\ComputacionGrafica\Codigo_C++\proyecto_astraonauta\proyecto_astraonauta\main.cpp(79,35): warning C4305: 'inicializando': truncamiento de 'double' a 'GLfloat'
C:\Users\PC\Desktop\UPN\6to--2023_2\ComputacionGrafica\Codigo_C++\proyecto_astraonauta\proyecto_astraonauta\main.cpp(79,39): warning C4305: 'inicializando': truncamiento de 'double' a 'GLfloat'
C:\Users\PC\Desktop\UPN\6to--2023_2\ComputacionGrafica\Codigo_C++\proyecto_astraonauta\proyecto_astraonauta\main.cpp(80,31): warning C4305: 'inicializando': truncamiento de 'double' a 'GLfloat'
C:\Users\PC\Desktop\UPN\6to--2023_2\ComputacionGrafica\Codigo_C++\proyecto_astraonauta\proyecto_astraonauta\main.cpp(80,35): warning C4305: 'inicializando': truncamiento de 'double' a 'GLfloat'
C:\Users\PC\Desktop\UPN\6to--2023_2\ComputacionGrafica\Codigo_C++\proyecto_astraonauta\proyecto_astraonauta\main.cpp(80,39): warning C4305: 'inicializando': truncamiento de 'double' a 'GLfloat'
C:\Users\PC\Desktop\UPN\6to--2023_2\ComputacionGrafica\Codigo_C++\proyecto_astraonauta\proyecto_astraonauta\main.cpp(81,32): warning C4305: 'inicializando': truncamiento de 'double' a 'GLfloat'
C:\Users\PC\Desktop\UPN\6to--2023_2\ComputacionGrafica\Codigo_C++\proyecto_astraonauta\proyecto_astraonauta\main.cpp(81,36): warning C4305: 'inicializando': truncamiento de 'double' a 'GLfloat'
C:\Users\PC\Desktop\UPN\6to--2023_2\ComputacionGrafica\Codigo_C++\proyecto_astraonauta\proyecto_astraonauta\main.cpp(81,40): warning C4305: 'inicializando': truncamiento de 'double' a 'GLfloat'
C:\Users\PC\Desktop\UPN\6to--2023_2\ComputacionGrafica\Codigo_C++\proyecto_astraonauta\proyecto_astraonauta\main.cpp(214,28): warning C4305: 'argumento': truncamiento de 'double' a 'GLfloat'
C:\Users\PC\Desktop\UPN\6to--2023_2\ComputacionGrafica\Codigo_C++\proyecto_astraonauta\proyecto_astraonauta\main.cpp(214,20): warning C4305: 'argumento': truncamiento de 'double' a 'GLfloat'
C:\Users\PC\Desktop\UPN\6to--2023_2\ComputacionGrafica\Codigo_C++\proyecto_astraonauta\proyecto_astraonauta\main.cpp(214,12): warning C4305: 'argumento': truncamiento de 'double' a 'GLfloat'
C:\Users\PC\Desktop\UPN\6to--2023_2\ComputacionGrafica\Codigo_C++\proyecto_astraonauta\proyecto_astraonauta\main.cpp(253,22): warning C4305: 'argumento': truncamiento de 'double' a 'GLfloat'
C:\Users\PC\Desktop\UPN\6to--2023_2\ComputacionGrafica\Codigo_C++\proyecto_astraonauta\proyecto_astraonauta\main.cpp(253,17): warning C4305: 'argumento': truncamiento de 'double' a 'GLfloat'
C:\Users\PC\Desktop\UPN\6to--2023_2\ComputacionGrafica\Codigo_C++\proyecto_astraonauta\proyecto_astraonauta\main.cpp(280,25): warning C4305: 'argumento': truncamiento de 'double' a 'GLclampf'
C:\Users\PC\Desktop\UPN\6to--2023_2\ComputacionGrafica\Codigo_C++\proyecto_astraonauta\proyecto_astraonauta\main.cpp(280,20): warning C4305: 'argumento': truncamiento de 'double' a 'GLclampf'
C:\Users\PC\Desktop\UPN\6to--2023_2\ComputacionGrafica\Codigo_C++\proyecto_astraonauta\proyecto_astraonauta\main.cpp(280,15): warning C4305: 'argumento': truncamiento de 'double' a 'GLclampf'
C:\Users\PC\Desktop\UPN\6to--2023_2\ComputacionGrafica\Codigo_C++\proyecto_astraonauta\proyecto_astraonauta\main.cpp(309,17): warning C4305: '+=': truncamiento de 'double' a 'float'
C:\Users\PC\Desktop\UPN\6to--2023_2\ComputacionGrafica\Codigo_C++\proyecto_astraonauta\proyecto_astraonauta\main.cpp(312,17): warning C4305: '-=': truncamiento de 'double' a 'float'
  proyecto_astraonauta.vcxproj -> C:\Users\PC\Desktop\UPN\6to--2023_2\ComputacionGrafica\Codigo_C++\proyecto_astraonauta\x64\Debug\proyecto_astraonauta.exe
