  Source.cpp
C:\Users\PC\Desktop\UPN\6to--2023_2\ComputacionGrafica\Codigo_C++\project-Astronauta_Grupo\Source.cpp(38,29): warning C4305: 'inicializando': truncamiento de 'double' a 'GLfloat'
C:\Users\PC\Desktop\UPN\6to--2023_2\ComputacionGrafica\Codigo_C++\project-Astronauta_Grupo\Source.cpp(38,35): warning C4305: 'inicializando': truncamiento de 'double' a 'GLfloat'
C:\Users\PC\Desktop\UPN\6to--2023_2\ComputacionGrafica\Codigo_C++\project-Astronauta_Grupo\Source.cpp(38,41): warning C4305: 'inicializando': truncamiento de 'double' a 'GLfloat'
C:\Users\PC\Desktop\UPN\6to--2023_2\ComputacionGrafica\Codigo_C++\project-Astronauta_Grupo\Source.cpp(40,30): warning C4305: 'inicializando': truncamiento de 'double' a 'GLfloat'
C:\Users\PC\Desktop\UPN\6to--2023_2\ComputacionGrafica\Codigo_C++\project-Astronauta_Grupo\Source.cpp(40,35): warning C4305: 'inicializando': truncamiento de 'double' a 'GLfloat'
C:\Users\PC\Desktop\UPN\6to--2023_2\ComputacionGrafica\Codigo_C++\project-Astronauta_Grupo\Source.cpp(40,40): warning C4305: 'inicializando': truncamiento de 'double' a 'GLfloat'
C:\Users\PC\Desktop\UPN\6to--2023_2\ComputacionGrafica\Codigo_C++\project-Astronauta_Grupo\Source.cpp(61,29): warning C4244: '=': conversión de 'int' a 'float'; posible pérdida de datos
C:\Users\PC\Desktop\UPN\6to--2023_2\ComputacionGrafica\Codigo_C++\project-Astronauta_Grupo\Source.cpp(62,29): warning C4244: '=': conversión de 'int' a 'float'; posible pérdida de datos
C:\Users\PC\Desktop\UPN\6to--2023_2\ComputacionGrafica\Codigo_C++\project-Astronauta_Grupo\Source.cpp(63,29): warning C4244: '=': conversión de 'int' a 'float'; posible pérdida de datos
C:\Users\PC\Desktop\UPN\6to--2023_2\ComputacionGrafica\Codigo_C++\project-Astronauta_Grupo\Source.cpp(96,45): warning C4244: '=': conversión de 'double' a 'float'; posible pérdida de datos
C:\Users\PC\Desktop\UPN\6to--2023_2\ComputacionGrafica\Codigo_C++\project-Astronauta_Grupo\Source.cpp(324,41): warning C4305: 'argumento': truncamiento de 'double' a 'GLclampf'
C:\Users\PC\Desktop\UPN\6to--2023_2\ComputacionGrafica\Codigo_C++\project-Astronauta_Grupo\Source.cpp(324,29): warning C4305: 'argumento': truncamiento de 'double' a 'GLclampf'
C:\Users\PC\Desktop\UPN\6to--2023_2\ComputacionGrafica\Codigo_C++\project-Astronauta_Grupo\Source.cpp(324,17): warning C4305: 'argumento': truncamiento de 'double' a 'GLclampf'
C:\Users\PC\Desktop\UPN\6to--2023_2\ComputacionGrafica\Codigo_C++\project-Astronauta_Grupo\Source.cpp(329,28): warning C4305: 'inicializando': truncamiento de 'double' a 'GLfloat'
C:\Users\PC\Desktop\UPN\6to--2023_2\ComputacionGrafica\Codigo_C++\project-Astronauta_Grupo\Source.cpp(329,33): warning C4305: 'inicializando': truncamiento de 'double' a 'GLfloat'
C:\Users\PC\Desktop\UPN\6to--2023_2\ComputacionGrafica\Codigo_C++\project-Astronauta_Grupo\Source.cpp(329,38): warning C4305: 'inicializando': truncamiento de 'double' a 'GLfloat'
C:\Users\PC\Desktop\UPN\6to--2023_2\ComputacionGrafica\Codigo_C++\project-Astronauta_Grupo\Source.cpp(345,45): warning C4305: 'argumento': truncamiento de 'double' a 'GLfloat'
C:\Users\PC\Desktop\UPN\6to--2023_2\ComputacionGrafica\Codigo_C++\project-Astronauta_Grupo\Source.cpp(346,48): warning C4305: 'argumento': truncamiento de 'double' a 'GLfloat'
C:\Users\PC\Desktop\UPN\6to--2023_2\ComputacionGrafica\Codigo_C++\project-Astronauta_Grupo\Source.cpp(364,21): warning C4305: 'argumento': truncamiento de 'double' a 'GLfloat'
C:\Users\PC\Desktop\UPN\6to--2023_2\ComputacionGrafica\Codigo_C++\project-Astronauta_Grupo\Source.cpp(364,16): warning C4305: 'argumento': truncamiento de 'double' a 'GLfloat'
C:\Users\PC\Desktop\UPN\6to--2023_2\ComputacionGrafica\Codigo_C++\project-Astronauta_Grupo\Source.cpp(364,11): warning C4305: 'argumento': truncamiento de 'double' a 'GLfloat'
C:\Users\PC\Desktop\UPN\6to--2023_2\ComputacionGrafica\Codigo_C++\project-Astronauta_Grupo\Source.cpp(393,17): warning C4305: '+=': truncamiento de 'double' a 'float'
C:\Users\PC\Desktop\UPN\6to--2023_2\ComputacionGrafica\Codigo_C++\project-Astronauta_Grupo\Source.cpp(396,18): warning C4305: '+=': truncamiento de 'double' a 'float'
C:\Users\PC\Desktop\UPN\6to--2023_2\ComputacionGrafica\Codigo_C++\project-Astronauta_Grupo\Source.cpp(416,12): warning C4244: 'argumento': conversión de 'time_t' a 'unsigned int'; posible pérdida de datos
  Project - Astronauta.vcxproj -> C:\Users\PC\Desktop\UPN\6to--2023_2\ComputacionGrafica\Codigo_C++\project-Astronauta_Grupo\x64\Debug\Project - Astronauta.exe
