  Main.cpp
C:\Users\PC\Desktop\UPN\6to--2023_2\ComputacionGrafica\Codigo_C++\proyecto_espacio_Yo\Yo_proyecto_espacio\Main.cpp(20,13): warning C4305: 'inicializando': truncamiento de 'double' a 'float'
C:\Users\PC\Desktop\UPN\6to--2023_2\ComputacionGrafica\Codigo_C++\proyecto_espacio_Yo\Yo_proyecto_espacio\Main.cpp(21,14): warning C4305: 'inicializando': truncamiento de 'double' a 'float'
C:\Users\PC\Desktop\UPN\6to--2023_2\ComputacionGrafica\Codigo_C++\proyecto_espacio_Yo\Yo_proyecto_espacio\Main.cpp(83,29): warning C4305: 'inicializando': truncamiento de 'double' a 'GLfloat'
C:\Users\PC\Desktop\UPN\6to--2023_2\ComputacionGrafica\Codigo_C++\proyecto_espacio_Yo\Yo_proyecto_espacio\Main.cpp(83,33): warning C4305: 'inicializando': truncamiento de 'double' a 'GLfloat'
C:\Users\PC\Desktop\UPN\6to--2023_2\ComputacionGrafica\Codigo_C++\proyecto_espacio_Yo\Yo_proyecto_espacio\Main.cpp(83,37): warning C4305: 'inicializando': truncamiento de 'double' a 'GLfloat'
C:\Users\PC\Desktop\UPN\6to--2023_2\ComputacionGrafica\Codigo_C++\proyecto_espacio_Yo\Yo_proyecto_espacio\Main.cpp(84,27): warning C4305: 'inicializando': truncamiento de 'double' a 'GLfloat'
C:\Users\PC\Desktop\UPN\6to--2023_2\ComputacionGrafica\Codigo_C++\proyecto_espacio_Yo\Yo_proyecto_espacio\Main.cpp(84,31): warning C4305: 'inicializando': truncamiento de 'double' a 'GLfloat'
C:\Users\PC\Desktop\UPN\6to--2023_2\ComputacionGrafica\Codigo_C++\proyecto_espacio_Yo\Yo_proyecto_espacio\Main.cpp(84,35): warning C4305: 'inicializando': truncamiento de 'double' a 'GLfloat'
C:\Users\PC\Desktop\UPN\6to--2023_2\ComputacionGrafica\Codigo_C++\proyecto_espacio_Yo\Yo_proyecto_espacio\Main.cpp(85,30): warning C4305: 'inicializando': truncamiento de 'double' a 'GLfloat'
C:\Users\PC\Desktop\UPN\6to--2023_2\ComputacionGrafica\Codigo_C++\proyecto_espacio_Yo\Yo_proyecto_espacio\Main.cpp(85,34): warning C4305: 'inicializando': truncamiento de 'double' a 'GLfloat'
C:\Users\PC\Desktop\UPN\6to--2023_2\ComputacionGrafica\Codigo_C++\proyecto_espacio_Yo\Yo_proyecto_espacio\Main.cpp(85,38): warning C4305: 'inicializando': truncamiento de 'double' a 'GLfloat'
C:\Users\PC\Desktop\UPN\6to--2023_2\ComputacionGrafica\Codigo_C++\proyecto_espacio_Yo\Yo_proyecto_espacio\Main.cpp(108,31): warning C4305: 'inicializando': truncamiento de 'double' a 'GLfloat'
C:\Users\PC\Desktop\UPN\6to--2023_2\ComputacionGrafica\Codigo_C++\proyecto_espacio_Yo\Yo_proyecto_espacio\Main.cpp(108,35): warning C4305: 'inicializando': truncamiento de 'double' a 'GLfloat'
C:\Users\PC\Desktop\UPN\6to--2023_2\ComputacionGrafica\Codigo_C++\proyecto_espacio_Yo\Yo_proyecto_espacio\Main.cpp(108,39): warning C4305: 'inicializando': truncamiento de 'double' a 'GLfloat'
C:\Users\PC\Desktop\UPN\6to--2023_2\ComputacionGrafica\Codigo_C++\proyecto_espacio_Yo\Yo_proyecto_espacio\Main.cpp(109,31): warning C4305: 'inicializando': truncamiento de 'double' a 'GLfloat'
C:\Users\PC\Desktop\UPN\6to--2023_2\ComputacionGrafica\Codigo_C++\proyecto_espacio_Yo\Yo_proyecto_espacio\Main.cpp(109,35): warning C4305: 'inicializando': truncamiento de 'double' a 'GLfloat'
C:\Users\PC\Desktop\UPN\6to--2023_2\ComputacionGrafica\Codigo_C++\proyecto_espacio_Yo\Yo_proyecto_espacio\Main.cpp(109,39): warning C4305: 'inicializando': truncamiento de 'double' a 'GLfloat'
C:\Users\PC\Desktop\UPN\6to--2023_2\ComputacionGrafica\Codigo_C++\proyecto_espacio_Yo\Yo_proyecto_espacio\Main.cpp(110,32): warning C4305: 'inicializando': truncamiento de 'double' a 'GLfloat'
C:\Users\PC\Desktop\UPN\6to--2023_2\ComputacionGrafica\Codigo_C++\proyecto_espacio_Yo\Yo_proyecto_espacio\Main.cpp(110,36): warning C4305: 'inicializando': truncamiento de 'double' a 'GLfloat'
C:\Users\PC\Desktop\UPN\6to--2023_2\ComputacionGrafica\Codigo_C++\proyecto_espacio_Yo\Yo_proyecto_espacio\Main.cpp(110,40): warning C4305: 'inicializando': truncamiento de 'double' a 'GLfloat'
C:\Users\PC\Desktop\UPN\6to--2023_2\ComputacionGrafica\Codigo_C++\proyecto_espacio_Yo\Yo_proyecto_espacio\Main.cpp(301,28): warning C4305: 'inicializando': truncamiento de 'double' a 'float'
C:\Users\PC\Desktop\UPN\6to--2023_2\ComputacionGrafica\Codigo_C++\proyecto_espacio_Yo\Yo_proyecto_espacio\Main.cpp(324,91): warning C4244: 'argumento': conversión de 'double' a 'GLfloat'; posible pérdida de datos
C:\Users\PC\Desktop\UPN\6to--2023_2\ComputacionGrafica\Codigo_C++\proyecto_espacio_Yo\Yo_proyecto_espacio\Main.cpp(324,23): warning C4244: 'argumento': conversión de 'double' a 'GLfloat'; posible pérdida de datos
C:\Users\PC\Desktop\UPN\6to--2023_2\ComputacionGrafica\Codigo_C++\proyecto_espacio_Yo\Yo_proyecto_espacio\Main.cpp(339,89): warning C4244: 'argumento': conversión de 'double' a 'GLfloat'; posible pérdida de datos
C:\Users\PC\Desktop\UPN\6to--2023_2\ComputacionGrafica\Codigo_C++\proyecto_espacio_Yo\Yo_proyecto_espacio\Main.cpp(339,23): warning C4244: 'argumento': conversión de 'double' a 'GLfloat'; posible pérdida de datos
C:\Users\PC\Desktop\UPN\6to--2023_2\ComputacionGrafica\Codigo_C++\proyecto_espacio_Yo\Yo_proyecto_espacio\Main.cpp(355,93): warning C4244: 'argumento': conversión de 'double' a 'GLfloat'; posible pérdida de datos
C:\Users\PC\Desktop\UPN\6to--2023_2\ComputacionGrafica\Codigo_C++\proyecto_espacio_Yo\Yo_proyecto_espacio\Main.cpp(355,23): warning C4244: 'argumento': conversión de 'double' a 'GLfloat'; posible pérdida de datos
C:\Users\PC\Desktop\UPN\6to--2023_2\ComputacionGrafica\Codigo_C++\proyecto_espacio_Yo\Yo_proyecto_espacio\Main.cpp(531,19): warning C4305: '+=': truncamiento de 'double' a 'float'
C:\Users\PC\Desktop\UPN\6to--2023_2\ComputacionGrafica\Codigo_C++\proyecto_espacio_Yo\Yo_proyecto_espacio\Main.cpp(532,21): warning C4305: '+=': truncamiento de 'double' a 'float'
C:\Users\PC\Desktop\UPN\6to--2023_2\ComputacionGrafica\Codigo_C++\proyecto_espacio_Yo\Yo_proyecto_espacio\Main.cpp(546,17): warning C4305: '+=': truncamiento de 'double' a 'float'
C:\Users\PC\Desktop\UPN\6to--2023_2\ComputacionGrafica\Codigo_C++\proyecto_espacio_Yo\Yo_proyecto_espacio\Main.cpp(549,17): warning C4305: '-=': truncamiento de 'double' a 'float'
  Yo_proyecto_espacio.vcxproj -> C:\Users\PC\Desktop\UPN\6to--2023_2\ComputacionGrafica\Codigo_C++\proyecto_espacio_Yo\x64\Debug\Yo_proyecto_espacio.exe
