  Main.cpp
C:\Users\PC\Desktop\UPN\6to--2023_2\ComputacionGrafica\Codigo_C++\Semana4_T1\Nave_Espacial\Main.cpp(5,32): warning C4244: 'inicializando': conversión de 'double' a 'int'; posible pérdida de datos
C:\Users\PC\Desktop\UPN\6to--2023_2\ComputacionGrafica\Codigo_C++\Semana4_T1\Nave_Espacial\Main.cpp(139,32): warning C4305: 'inicializando': truncamiento de 'double' a 'GLfloat'
C:\Users\PC\Desktop\UPN\6to--2023_2\ComputacionGrafica\Codigo_C++\Semana4_T1\Nave_Espacial\Main.cpp(145,30): warning C4305: 'argumento': truncamiento de 'double' a 'GLfloat'
C:\Users\PC\Desktop\UPN\6to--2023_2\ComputacionGrafica\Codigo_C++\Semana4_T1\Nave_Espacial\Main.cpp(149,66): warning C4244: 'argumento': conversión de 'double' a 'GLfloat'; posible pérdida de datos
C:\Users\PC\Desktop\UPN\6to--2023_2\ComputacionGrafica\Codigo_C++\Semana4_T1\Nave_Espacial\Main.cpp(149,16): warning C4244: 'argumento': conversión de 'double' a 'GLfloat'; posible pérdida de datos
C:\Users\PC\Desktop\UPN\6to--2023_2\ComputacionGrafica\Codigo_C++\Semana4_T1\Nave_Espacial\Main.cpp(157,32): warning C4305: 'inicializando': truncamiento de 'double' a 'GLfloat'
C:\Users\PC\Desktop\UPN\6to--2023_2\ComputacionGrafica\Codigo_C++\Semana4_T1\Nave_Espacial\Main.cpp(167,66): warning C4244: 'argumento': conversión de 'double' a 'GLfloat'; posible pérdida de datos
C:\Users\PC\Desktop\UPN\6to--2023_2\ComputacionGrafica\Codigo_C++\Semana4_T1\Nave_Espacial\Main.cpp(167,16): warning C4244: 'argumento': conversión de 'double' a 'GLfloat'; posible pérdida de datos
C:\Users\PC\Desktop\UPN\6to--2023_2\ComputacionGrafica\Codigo_C++\Semana4_T1\Nave_Espacial\Main.cpp(175,32): warning C4305: 'inicializando': truncamiento de 'double' a 'GLfloat'
C:\Users\PC\Desktop\UPN\6to--2023_2\ComputacionGrafica\Codigo_C++\Semana4_T1\Nave_Espacial\Main.cpp(185,66): warning C4244: 'argumento': conversión de 'double' a 'GLfloat'; posible pérdida de datos
C:\Users\PC\Desktop\UPN\6to--2023_2\ComputacionGrafica\Codigo_C++\Semana4_T1\Nave_Espacial\Main.cpp(185,16): warning C4244: 'argumento': conversión de 'double' a 'GLfloat'; posible pérdida de datos
C:\Users\PC\Desktop\UPN\6to--2023_2\ComputacionGrafica\Codigo_C++\Semana4_T1\Nave_Espacial\Main.cpp(194,32): warning C4305: 'inicializando': truncamiento de 'double' a 'GLfloat'
C:\Users\PC\Desktop\UPN\6to--2023_2\ComputacionGrafica\Codigo_C++\Semana4_T1\Nave_Espacial\Main.cpp(204,66): warning C4244: 'argumento': conversión de 'double' a 'GLfloat'; posible pérdida de datos
C:\Users\PC\Desktop\UPN\6to--2023_2\ComputacionGrafica\Codigo_C++\Semana4_T1\Nave_Espacial\Main.cpp(204,16): warning C4244: 'argumento': conversión de 'double' a 'GLfloat'; posible pérdida de datos
C:\Users\PC\Desktop\UPN\6to--2023_2\ComputacionGrafica\Codigo_C++\Semana4_T1\Nave_Espacial\Main.cpp(213,32): warning C4305: 'inicializando': truncamiento de 'double' a 'GLfloat'
C:\Users\PC\Desktop\UPN\6to--2023_2\ComputacionGrafica\Codigo_C++\Semana4_T1\Nave_Espacial\Main.cpp(219,30): warning C4305: 'argumento': truncamiento de 'double' a 'GLfloat'
C:\Users\PC\Desktop\UPN\6to--2023_2\ComputacionGrafica\Codigo_C++\Semana4_T1\Nave_Espacial\Main.cpp(223,66): warning C4244: 'argumento': conversión de 'double' a 'GLfloat'; posible pérdida de datos
C:\Users\PC\Desktop\UPN\6to--2023_2\ComputacionGrafica\Codigo_C++\Semana4_T1\Nave_Espacial\Main.cpp(223,16): warning C4244: 'argumento': conversión de 'double' a 'GLfloat'; posible pérdida de datos
C:\Users\PC\Desktop\UPN\6to--2023_2\ComputacionGrafica\Codigo_C++\Semana4_T1\Nave_Espacial\Main.cpp(231,32): warning C4305: 'inicializando': truncamiento de 'double' a 'GLfloat'
C:\Users\PC\Desktop\UPN\6to--2023_2\ComputacionGrafica\Codigo_C++\Semana4_T1\Nave_Espacial\Main.cpp(241,66): warning C4244: 'argumento': conversión de 'double' a 'GLfloat'; posible pérdida de datos
C:\Users\PC\Desktop\UPN\6to--2023_2\ComputacionGrafica\Codigo_C++\Semana4_T1\Nave_Espacial\Main.cpp(241,16): warning C4244: 'argumento': conversión de 'double' a 'GLfloat'; posible pérdida de datos
C:\Users\PC\Desktop\UPN\6to--2023_2\ComputacionGrafica\Codigo_C++\Semana4_T1\Nave_Espacial\Main.cpp(250,32): warning C4305: 'inicializando': truncamiento de 'double' a 'GLfloat'
C:\Users\PC\Desktop\UPN\6to--2023_2\ComputacionGrafica\Codigo_C++\Semana4_T1\Nave_Espacial\Main.cpp(260,66): warning C4244: 'argumento': conversión de 'double' a 'GLfloat'; posible pérdida de datos
C:\Users\PC\Desktop\UPN\6to--2023_2\ComputacionGrafica\Codigo_C++\Semana4_T1\Nave_Espacial\Main.cpp(260,16): warning C4244: 'argumento': conversión de 'double' a 'GLfloat'; posible pérdida de datos
C:\Users\PC\Desktop\UPN\6to--2023_2\ComputacionGrafica\Codigo_C++\Semana4_T1\Nave_Espacial\Main.cpp(269,32): warning C4305: 'inicializando': truncamiento de 'double' a 'GLfloat'
C:\Users\PC\Desktop\UPN\6to--2023_2\ComputacionGrafica\Codigo_C++\Semana4_T1\Nave_Espacial\Main.cpp(275,25): warning C4305: 'argumento': truncamiento de 'double' a 'GLfloat'
C:\Users\PC\Desktop\UPN\6to--2023_2\ComputacionGrafica\Codigo_C++\Semana4_T1\Nave_Espacial\Main.cpp(279,66): warning C4244: 'argumento': conversión de 'double' a 'GLfloat'; posible pérdida de datos
C:\Users\PC\Desktop\UPN\6to--2023_2\ComputacionGrafica\Codigo_C++\Semana4_T1\Nave_Espacial\Main.cpp(279,16): warning C4244: 'argumento': conversión de 'double' a 'GLfloat'; posible pérdida de datos
C:\Users\PC\Desktop\UPN\6to--2023_2\ComputacionGrafica\Codigo_C++\Semana4_T1\Nave_Espacial\Main.cpp(288,32): warning C4305: 'inicializando': truncamiento de 'double' a 'GLfloat'
C:\Users\PC\Desktop\UPN\6to--2023_2\ComputacionGrafica\Codigo_C++\Semana4_T1\Nave_Espacial\Main.cpp(298,66): warning C4244: 'argumento': conversión de 'double' a 'GLfloat'; posible pérdida de datos
C:\Users\PC\Desktop\UPN\6to--2023_2\ComputacionGrafica\Codigo_C++\Semana4_T1\Nave_Espacial\Main.cpp(298,16): warning C4244: 'argumento': conversión de 'double' a 'GLfloat'; posible pérdida de datos
C:\Users\PC\Desktop\UPN\6to--2023_2\ComputacionGrafica\Codigo_C++\Semana4_T1\Nave_Espacial\Main.cpp(307,23): warning C4244: 'argumento': conversión de 'float' a 'GLint'; posible pérdida de datos
C:\Users\PC\Desktop\UPN\6to--2023_2\ComputacionGrafica\Codigo_C++\Semana4_T1\Nave_Espacial\Main.cpp(308,23): warning C4244: 'argumento': conversión de 'float' a 'GLint'; posible pérdida de datos
C:\Users\PC\Desktop\UPN\6to--2023_2\ComputacionGrafica\Codigo_C++\Semana4_T1\Nave_Espacial\Main.cpp(309,23): warning C4244: 'argumento': conversión de 'float' a 'GLint'; posible pérdida de datos
C:\Users\PC\Desktop\UPN\6to--2023_2\ComputacionGrafica\Codigo_C++\Semana4_T1\Nave_Espacial\Main.cpp(314,23): warning C4244: 'argumento': conversión de 'float' a 'GLint'; posible pérdida de datos
C:\Users\PC\Desktop\UPN\6to--2023_2\ComputacionGrafica\Codigo_C++\Semana4_T1\Nave_Espacial\Main.cpp(315,23): warning C4244: 'argumento': conversión de 'float' a 'GLint'; posible pérdida de datos
C:\Users\PC\Desktop\UPN\6to--2023_2\ComputacionGrafica\Codigo_C++\Semana4_T1\Nave_Espacial\Main.cpp(316,23): warning C4244: 'argumento': conversión de 'float' a 'GLint'; posible pérdida de datos
C:\Users\PC\Desktop\UPN\6to--2023_2\ComputacionGrafica\Codigo_C++\Semana4_T1\Nave_Espacial\Main.cpp(321,23): warning C4244: 'argumento': conversión de 'float' a 'GLint'; posible pérdida de datos
C:\Users\PC\Desktop\UPN\6to--2023_2\ComputacionGrafica\Codigo_C++\Semana4_T1\Nave_Espacial\Main.cpp(322,23): warning C4244: 'argumento': conversión de 'float' a 'GLint'; posible pérdida de datos
C:\Users\PC\Desktop\UPN\6to--2023_2\ComputacionGrafica\Codigo_C++\Semana4_T1\Nave_Espacial\Main.cpp(323,23): warning C4244: 'argumento': conversión de 'float' a 'GLint'; posible pérdida de datos
C:\Users\PC\Desktop\UPN\6to--2023_2\ComputacionGrafica\Codigo_C++\Semana4_T1\Nave_Espacial\Main.cpp(328,23): warning C4244: 'argumento': conversión de 'float' a 'GLint'; posible pérdida de datos
C:\Users\PC\Desktop\UPN\6to--2023_2\ComputacionGrafica\Codigo_C++\Semana4_T1\Nave_Espacial\Main.cpp(329,23): warning C4244: 'argumento': conversión de 'float' a 'GLint'; posible pérdida de datos
C:\Users\PC\Desktop\UPN\6to--2023_2\ComputacionGrafica\Codigo_C++\Semana4_T1\Nave_Espacial\Main.cpp(330,23): warning C4244: 'argumento': conversión de 'float' a 'GLint'; posible pérdida de datos
C:\Users\PC\Desktop\UPN\6to--2023_2\ComputacionGrafica\Codigo_C++\Semana4_T1\Nave_Espacial\Main.cpp(350,18): warning C4244: 'argumento': conversión de 'float' a 'GLint'; posible pérdida de datos
C:\Users\PC\Desktop\UPN\6to--2023_2\ComputacionGrafica\Codigo_C++\Semana4_T1\Nave_Espacial\Main.cpp(351,18): warning C4244: 'argumento': conversión de 'float' a 'GLint'; posible pérdida de datos
C:\Users\PC\Desktop\UPN\6to--2023_2\ComputacionGrafica\Codigo_C++\Semana4_T1\Nave_Espacial\Main.cpp(352,18): warning C4244: 'argumento': conversión de 'float' a 'GLint'; posible pérdida de datos
C:\Users\PC\Desktop\UPN\6to--2023_2\ComputacionGrafica\Codigo_C++\Semana4_T1\Nave_Espacial\Main.cpp(357,18): warning C4244: 'argumento': conversión de 'float' a 'GLint'; posible pérdida de datos
C:\Users\PC\Desktop\UPN\6to--2023_2\ComputacionGrafica\Codigo_C++\Semana4_T1\Nave_Espacial\Main.cpp(358,18): warning C4244: 'argumento': conversión de 'float' a 'GLint'; posible pérdida de datos
C:\Users\PC\Desktop\UPN\6to--2023_2\ComputacionGrafica\Codigo_C++\Semana4_T1\Nave_Espacial\Main.cpp(359,18): warning C4244: 'argumento': conversión de 'float' a 'GLint'; posible pérdida de datos
C:\Users\PC\Desktop\UPN\6to--2023_2\ComputacionGrafica\Codigo_C++\Semana4_T1\Nave_Espacial\Main.cpp(364,18): warning C4244: 'argumento': conversión de 'float' a 'GLint'; posible pérdida de datos
C:\Users\PC\Desktop\UPN\6to--2023_2\ComputacionGrafica\Codigo_C++\Semana4_T1\Nave_Espacial\Main.cpp(365,18): warning C4244: 'argumento': conversión de 'float' a 'GLint'; posible pérdida de datos
C:\Users\PC\Desktop\UPN\6to--2023_2\ComputacionGrafica\Codigo_C++\Semana4_T1\Nave_Espacial\Main.cpp(366,18): warning C4244: 'argumento': conversión de 'float' a 'GLint'; posible pérdida de datos
C:\Users\PC\Desktop\UPN\6to--2023_2\ComputacionGrafica\Codigo_C++\Semana4_T1\Nave_Espacial\Main.cpp(371,18): warning C4244: 'argumento': conversión de 'float' a 'GLint'; posible pérdida de datos
C:\Users\PC\Desktop\UPN\6to--2023_2\ComputacionGrafica\Codigo_C++\Semana4_T1\Nave_Espacial\Main.cpp(372,18): warning C4244: 'argumento': conversión de 'float' a 'GLint'; posible pérdida de datos
C:\Users\PC\Desktop\UPN\6to--2023_2\ComputacionGrafica\Codigo_C++\Semana4_T1\Nave_Espacial\Main.cpp(373,18): warning C4244: 'argumento': conversión de 'float' a 'GLint'; posible pérdida de datos
C:\Users\PC\Desktop\UPN\6to--2023_2\ComputacionGrafica\Codigo_C++\Semana4_T1\Nave_Espacial\Main.cpp(468,23): warning C4244: 'argumento': conversión de 'float' a 'GLint'; posible pérdida de datos
C:\Users\PC\Desktop\UPN\6to--2023_2\ComputacionGrafica\Codigo_C++\Semana4_T1\Nave_Espacial\Main.cpp(469,23): warning C4244: 'argumento': conversión de 'float' a 'GLint'; posible pérdida de datos
C:\Users\PC\Desktop\UPN\6to--2023_2\ComputacionGrafica\Codigo_C++\Semana4_T1\Nave_Espacial\Main.cpp(470,23): warning C4244: 'argumento': conversión de 'float' a 'GLint'; posible pérdida de datos
C:\Users\PC\Desktop\UPN\6to--2023_2\ComputacionGrafica\Codigo_C++\Semana4_T1\Nave_Espacial\Main.cpp(471,23): warning C4244: 'argumento': conversión de 'float' a 'GLint'; posible pérdida de datos
C:\Users\PC\Desktop\UPN\6to--2023_2\ComputacionGrafica\Codigo_C++\Semana4_T1\Nave_Espacial\Main.cpp(472,23): warning C4244: 'argumento': conversión de 'float' a 'GLint'; posible pérdida de datos
C:\Users\PC\Desktop\UPN\6to--2023_2\ComputacionGrafica\Codigo_C++\Semana4_T1\Nave_Espacial\Main.cpp(473,23): warning C4244: 'argumento': conversión de 'float' a 'GLint'; posible pérdida de datos
C:\Users\PC\Desktop\UPN\6to--2023_2\ComputacionGrafica\Codigo_C++\Semana4_T1\Nave_Espacial\Main.cpp(474,23): warning C4244: 'argumento': conversión de 'float' a 'GLint'; posible pérdida de datos
C:\Users\PC\Desktop\UPN\6to--2023_2\ComputacionGrafica\Codigo_C++\Semana4_T1\Nave_Espacial\Main.cpp(475,23): warning C4244: 'argumento': conversión de 'float' a 'GLint'; posible pérdida de datos
C:\Users\PC\Desktop\UPN\6to--2023_2\ComputacionGrafica\Codigo_C++\Semana4_T1\Nave_Espacial\Main.cpp(476,23): warning C4244: 'argumento': conversión de 'float' a 'GLint'; posible pérdida de datos
C:\Users\PC\Desktop\UPN\6to--2023_2\ComputacionGrafica\Codigo_C++\Semana4_T1\Nave_Espacial\Main.cpp(481,23): warning C4244: 'argumento': conversión de 'float' a 'GLint'; posible pérdida de datos
C:\Users\PC\Desktop\UPN\6to--2023_2\ComputacionGrafica\Codigo_C++\Semana4_T1\Nave_Espacial\Main.cpp(482,23): warning C4244: 'argumento': conversión de 'float' a 'GLint'; posible pérdida de datos
C:\Users\PC\Desktop\UPN\6to--2023_2\ComputacionGrafica\Codigo_C++\Semana4_T1\Nave_Espacial\Main.cpp(483,23): warning C4244: 'argumento': conversión de 'float' a 'GLint'; posible pérdida de datos
C:\Users\PC\Desktop\UPN\6to--2023_2\ComputacionGrafica\Codigo_C++\Semana4_T1\Nave_Espacial\Main.cpp(484,23): warning C4244: 'argumento': conversión de 'float' a 'GLint'; posible pérdida de datos
C:\Users\PC\Desktop\UPN\6to--2023_2\ComputacionGrafica\Codigo_C++\Semana4_T1\Nave_Espacial\Main.cpp(489,23): warning C4244: 'argumento': conversión de 'float' a 'GLint'; posible pérdida de datos
C:\Users\PC\Desktop\UPN\6to--2023_2\ComputacionGrafica\Codigo_C++\Semana4_T1\Nave_Espacial\Main.cpp(490,23): warning C4244: 'argumento': conversión de 'float' a 'GLint'; posible pérdida de datos
C:\Users\PC\Desktop\UPN\6to--2023_2\ComputacionGrafica\Codigo_C++\Semana4_T1\Nave_Espacial\Main.cpp(491,23): warning C4244: 'argumento': conversión de 'float' a 'GLint'; posible pérdida de datos
C:\Users\PC\Desktop\UPN\6to--2023_2\ComputacionGrafica\Codigo_C++\Semana4_T1\Nave_Espacial\Main.cpp(492,23): warning C4244: 'argumento': conversión de 'float' a 'GLint'; posible pérdida de datos
C:\Users\PC\Desktop\UPN\6to--2023_2\ComputacionGrafica\Codigo_C++\Semana4_T1\Nave_Espacial\Main.cpp(497,23): warning C4244: 'argumento': conversión de 'float' a 'GLint'; posible pérdida de datos
C:\Users\PC\Desktop\UPN\6to--2023_2\ComputacionGrafica\Codigo_C++\Semana4_T1\Nave_Espacial\Main.cpp(498,23): warning C4244: 'argumento': conversión de 'float' a 'GLint'; posible pérdida de datos
C:\Users\PC\Desktop\UPN\6to--2023_2\ComputacionGrafica\Codigo_C++\Semana4_T1\Nave_Espacial\Main.cpp(499,23): warning C4244: 'argumento': conversión de 'float' a 'GLint'; posible pérdida de datos
C:\Users\PC\Desktop\UPN\6to--2023_2\ComputacionGrafica\Codigo_C++\Semana4_T1\Nave_Espacial\Main.cpp(506,23): warning C4244: 'argumento': conversión de 'float' a 'GLint'; posible pérdida de datos
C:\Users\PC\Desktop\UPN\6to--2023_2\ComputacionGrafica\Codigo_C++\Semana4_T1\Nave_Espacial\Main.cpp(507,23): warning C4244: 'argumento': conversión de 'float' a 'GLint'; posible pérdida de datos
C:\Users\PC\Desktop\UPN\6to--2023_2\ComputacionGrafica\Codigo_C++\Semana4_T1\Nave_Espacial\Main.cpp(508,23): warning C4244: 'argumento': conversión de 'float' a 'GLint'; posible pérdida de datos
C:\Users\PC\Desktop\UPN\6to--2023_2\ComputacionGrafica\Codigo_C++\Semana4_T1\Nave_Espacial\Main.cpp(513,23): warning C4244: 'argumento': conversión de 'float' a 'GLint'; posible pérdida de datos
C:\Users\PC\Desktop\UPN\6to--2023_2\ComputacionGrafica\Codigo_C++\Semana4_T1\Nave_Espacial\Main.cpp(514,23): warning C4244: 'argumento': conversión de 'float' a 'GLint'; posible pérdida de datos
C:\Users\PC\Desktop\UPN\6to--2023_2\ComputacionGrafica\Codigo_C++\Semana4_T1\Nave_Espacial\Main.cpp(515,23): warning C4244: 'argumento': conversión de 'float' a 'GLint'; posible pérdida de datos
C:\Users\PC\Desktop\UPN\6to--2023_2\ComputacionGrafica\Codigo_C++\Semana4_T1\Nave_Espacial\Main.cpp(632,32): warning C4305: 'inicializando': truncamiento de 'double' a 'GLfloat'
C:\Users\PC\Desktop\UPN\6to--2023_2\ComputacionGrafica\Codigo_C++\Semana4_T1\Nave_Espacial\Main.cpp(642,66): warning C4244: 'argumento': conversión de 'double' a 'GLfloat'; posible pérdida de datos
C:\Users\PC\Desktop\UPN\6to--2023_2\ComputacionGrafica\Codigo_C++\Semana4_T1\Nave_Espacial\Main.cpp(642,16): warning C4244: 'argumento': conversión de 'double' a 'GLfloat'; posible pérdida de datos
C:\Users\PC\Desktop\UPN\6to--2023_2\ComputacionGrafica\Codigo_C++\Semana4_T1\Nave_Espacial\Main.cpp(650,32): warning C4305: 'inicializando': truncamiento de 'double' a 'GLfloat'
C:\Users\PC\Desktop\UPN\6to--2023_2\ComputacionGrafica\Codigo_C++\Semana4_T1\Nave_Espacial\Main.cpp(651,24): warning C4305: 'inicializando': truncamiento de 'double' a 'float'
C:\Users\PC\Desktop\UPN\6to--2023_2\ComputacionGrafica\Codigo_C++\Semana4_T1\Nave_Espacial\Main.cpp(651,33): warning C4305: 'inicializando': truncamiento de 'double' a 'float'
C:\Users\PC\Desktop\UPN\6to--2023_2\ComputacionGrafica\Codigo_C++\Semana4_T1\Nave_Espacial\Main.cpp(661,66): warning C4244: 'argumento': conversión de 'double' a 'GLfloat'; posible pérdida de datos
C:\Users\PC\Desktop\UPN\6to--2023_2\ComputacionGrafica\Codigo_C++\Semana4_T1\Nave_Espacial\Main.cpp(661,16): warning C4244: 'argumento': conversión de 'double' a 'GLfloat'; posible pérdida de datos
C:\Users\PC\Desktop\UPN\6to--2023_2\ComputacionGrafica\Codigo_C++\Semana4_T1\Nave_Espacial\Main.cpp(670,32): warning C4305: 'inicializando': truncamiento de 'double' a 'GLfloat'
C:\Users\PC\Desktop\UPN\6to--2023_2\ComputacionGrafica\Codigo_C++\Semana4_T1\Nave_Espacial\Main.cpp(676,30): warning C4305: 'argumento': truncamiento de 'double' a 'GLfloat'
C:\Users\PC\Desktop\UPN\6to--2023_2\ComputacionGrafica\Codigo_C++\Semana4_T1\Nave_Espacial\Main.cpp(680,66): warning C4244: 'argumento': conversión de 'double' a 'GLfloat'; posible pérdida de datos
C:\Users\PC\Desktop\UPN\6to--2023_2\ComputacionGrafica\Codigo_C++\Semana4_T1\Nave_Espacial\Main.cpp(680,16): warning C4244: 'argumento': conversión de 'double' a 'GLfloat'; posible pérdida de datos
C:\Users\PC\Desktop\UPN\6to--2023_2\ComputacionGrafica\Codigo_C++\Semana4_T1\Nave_Espacial\Main.cpp(704,23): warning C4244: 'argumento': conversión de 'float' a 'GLint'; posible pérdida de datos
C:\Users\PC\Desktop\UPN\6to--2023_2\ComputacionGrafica\Codigo_C++\Semana4_T1\Nave_Espacial\Main.cpp(705,23): warning C4244: 'argumento': conversión de 'float' a 'GLint'; posible pérdida de datos
C:\Users\PC\Desktop\UPN\6to--2023_2\ComputacionGrafica\Codigo_C++\Semana4_T1\Nave_Espacial\Main.cpp(706,23): warning C4244: 'argumento': conversión de 'float' a 'GLint'; posible pérdida de datos
C:\Users\PC\Desktop\UPN\6to--2023_2\ComputacionGrafica\Codigo_C++\Semana4_T1\Nave_Espacial\Main.cpp(707,23): warning C4244: 'argumento': conversión de 'float' a 'GLint'; posible pérdida de datos
C:\Users\PC\Desktop\UPN\6to--2023_2\ComputacionGrafica\Codigo_C++\Semana4_T1\Nave_Espacial\Main.cpp(711,23): warning C4244: 'argumento': conversión de 'float' a 'GLint'; posible pérdida de datos
C:\Users\PC\Desktop\UPN\6to--2023_2\ComputacionGrafica\Codigo_C++\Semana4_T1\Nave_Espacial\Main.cpp(712,23): warning C4244: 'argumento': conversión de 'float' a 'GLint'; posible pérdida de datos
C:\Users\PC\Desktop\UPN\6to--2023_2\ComputacionGrafica\Codigo_C++\Semana4_T1\Nave_Espacial\Main.cpp(713,23): warning C4244: 'argumento': conversión de 'float' a 'GLint'; posible pérdida de datos
C:\Users\PC\Desktop\UPN\6to--2023_2\ComputacionGrafica\Codigo_C++\Semana4_T1\Nave_Espacial\Main.cpp(714,23): warning C4244: 'argumento': conversión de 'float' a 'GLint'; posible pérdida de datos
C:\Users\PC\Desktop\UPN\6to--2023_2\ComputacionGrafica\Codigo_C++\Semana4_T1\Nave_Espacial\Main.cpp(719,23): warning C4244: 'argumento': conversión de 'float' a 'GLint'; posible pérdida de datos
C:\Users\PC\Desktop\UPN\6to--2023_2\ComputacionGrafica\Codigo_C++\Semana4_T1\Nave_Espacial\Main.cpp(720,23): warning C4244: 'argumento': conversión de 'float' a 'GLint'; posible pérdida de datos
C:\Users\PC\Desktop\UPN\6to--2023_2\ComputacionGrafica\Codigo_C++\Semana4_T1\Nave_Espacial\Main.cpp(721,23): warning C4244: 'argumento': conversión de 'float' a 'GLint'; posible pérdida de datos
C:\Users\PC\Desktop\UPN\6to--2023_2\ComputacionGrafica\Codigo_C++\Semana4_T1\Nave_Espacial\Main.cpp(722,23): warning C4244: 'argumento': conversión de 'float' a 'GLint'; posible pérdida de datos
C:\Users\PC\Desktop\UPN\6to--2023_2\ComputacionGrafica\Codigo_C++\Semana4_T1\Nave_Espacial\Main.cpp(726,23): warning C4244: 'argumento': conversión de 'float' a 'GLint'; posible pérdida de datos
C:\Users\PC\Desktop\UPN\6to--2023_2\ComputacionGrafica\Codigo_C++\Semana4_T1\Nave_Espacial\Main.cpp(727,23): warning C4244: 'argumento': conversión de 'float' a 'GLint'; posible pérdida de datos
C:\Users\PC\Desktop\UPN\6to--2023_2\ComputacionGrafica\Codigo_C++\Semana4_T1\Nave_Espacial\Main.cpp(728,23): warning C4244: 'argumento': conversión de 'float' a 'GLint'; posible pérdida de datos
C:\Users\PC\Desktop\UPN\6to--2023_2\ComputacionGrafica\Codigo_C++\Semana4_T1\Nave_Espacial\Main.cpp(729,23): warning C4244: 'argumento': conversión de 'float' a 'GLint'; posible pérdida de datos
C:\Users\PC\Desktop\UPN\6to--2023_2\ComputacionGrafica\Codigo_C++\Semana4_T1\Nave_Espacial\Main.cpp(733,23): warning C4244: 'argumento': conversión de 'float' a 'GLint'; posible pérdida de datos
C:\Users\PC\Desktop\UPN\6to--2023_2\ComputacionGrafica\Codigo_C++\Semana4_T1\Nave_Espacial\Main.cpp(734,23): warning C4244: 'argumento': conversión de 'float' a 'GLint'; posible pérdida de datos
C:\Users\PC\Desktop\UPN\6to--2023_2\ComputacionGrafica\Codigo_C++\Semana4_T1\Nave_Espacial\Main.cpp(744,23): warning C4244: 'argumento': conversión de 'float' a 'GLint'; posible pérdida de datos
C:\Users\PC\Desktop\UPN\6to--2023_2\ComputacionGrafica\Codigo_C++\Semana4_T1\Nave_Espacial\Main.cpp(745,23): warning C4244: 'argumento': conversión de 'float' a 'GLint'; posible pérdida de datos
C:\Users\PC\Desktop\UPN\6to--2023_2\ComputacionGrafica\Codigo_C++\Semana4_T1\Nave_Espacial\Main.cpp(746,23): warning C4244: 'argumento': conversión de 'float' a 'GLint'; posible pérdida de datos
C:\Users\PC\Desktop\UPN\6to--2023_2\ComputacionGrafica\Codigo_C++\Semana4_T1\Nave_Espacial\Main.cpp(747,23): warning C4244: 'argumento': conversión de 'float' a 'GLint'; posible pérdida de datos
C:\Users\PC\Desktop\UPN\6to--2023_2\ComputacionGrafica\Codigo_C++\Semana4_T1\Nave_Espacial\Main.cpp(748,23): warning C4244: 'argumento': conversión de 'float' a 'GLint'; posible pérdida de datos
C:\Users\PC\Desktop\UPN\6to--2023_2\ComputacionGrafica\Codigo_C++\Semana4_T1\Nave_Espacial\Main.cpp(749,23): warning C4244: 'argumento': conversión de 'float' a 'GLint'; posible pérdida de datos
C:\Users\PC\Desktop\UPN\6to--2023_2\ComputacionGrafica\Codigo_C++\Semana4_T1\Nave_Espacial\Main.cpp(750,23): warning C4244: 'argumento': conversión de 'float' a 'GLint'; posible pérdida de datos
C:\Users\PC\Desktop\UPN\6to--2023_2\ComputacionGrafica\Codigo_C++\Semana4_T1\Nave_Espacial\Main.cpp(751,23): warning C4244: 'argumento': conversión de 'float' a 'GLint'; posible pérdida de datos
C:\Users\PC\Desktop\UPN\6to--2023_2\ComputacionGrafica\Codigo_C++\Semana4_T1\Nave_Espacial\Main.cpp(752,23): warning C4244: 'argumento': conversión de 'float' a 'GLint'; posible pérdida de datos
C:\Users\PC\Desktop\UPN\6to--2023_2\ComputacionGrafica\Codigo_C++\Semana4_T1\Nave_Espacial\Main.cpp(753,23): warning C4244: 'argumento': conversión de 'float' a 'GLint'; posible pérdida de datos
C:\Users\PC\Desktop\UPN\6to--2023_2\ComputacionGrafica\Codigo_C++\Semana4_T1\Nave_Espacial\Main.cpp(757,23): warning C4244: 'argumento': conversión de 'float' a 'GLint'; posible pérdida de datos
C:\Users\PC\Desktop\UPN\6to--2023_2\ComputacionGrafica\Codigo_C++\Semana4_T1\Nave_Espacial\Main.cpp(758,23): warning C4244: 'argumento': conversión de 'float' a 'GLint'; posible pérdida de datos
C:\Users\PC\Desktop\UPN\6to--2023_2\ComputacionGrafica\Codigo_C++\Semana4_T1\Nave_Espacial\Main.cpp(759,23): warning C4244: 'argumento': conversión de 'float' a 'GLint'; posible pérdida de datos
C:\Users\PC\Desktop\UPN\6to--2023_2\ComputacionGrafica\Codigo_C++\Semana4_T1\Nave_Espacial\Main.cpp(760,23): warning C4244: 'argumento': conversión de 'float' a 'GLint'; posible pérdida de datos
C:\Users\PC\Desktop\UPN\6to--2023_2\ComputacionGrafica\Codigo_C++\Semana4_T1\Nave_Espacial\Main.cpp(764,23): warning C4244: 'argumento': conversión de 'float' a 'GLint'; posible pérdida de datos
C:\Users\PC\Desktop\UPN\6to--2023_2\ComputacionGrafica\Codigo_C++\Semana4_T1\Nave_Espacial\Main.cpp(765,23): warning C4244: 'argumento': conversión de 'float' a 'GLint'; posible pérdida de datos
C:\Users\PC\Desktop\UPN\6to--2023_2\ComputacionGrafica\Codigo_C++\Semana4_T1\Nave_Espacial\Main.cpp(766,23): warning C4244: 'argumento': conversión de 'float' a 'GLint'; posible pérdida de datos
C:\Users\PC\Desktop\UPN\6to--2023_2\ComputacionGrafica\Codigo_C++\Semana4_T1\Nave_Espacial\Main.cpp(767,23): warning C4244: 'argumento': conversión de 'float' a 'GLint'; posible pérdida de datos
C:\Users\PC\Desktop\UPN\6to--2023_2\ComputacionGrafica\Codigo_C++\Semana4_T1\Nave_Espacial\Main.cpp(771,23): warning C4244: 'argumento': conversión de 'float' a 'GLint'; posible pérdida de datos
C:\Users\PC\Desktop\UPN\6to--2023_2\ComputacionGrafica\Codigo_C++\Semana4_T1\Nave_Espacial\Main.cpp(772,23): warning C4244: 'argumento': conversión de 'float' a 'GLint'; posible pérdida de datos
C:\Users\PC\Desktop\UPN\6to--2023_2\ComputacionGrafica\Codigo_C++\Semana4_T1\Nave_Espacial\Main.cpp(773,23): warning C4244: 'argumento': conversión de 'float' a 'GLint'; posible pérdida de datos
C:\Users\PC\Desktop\UPN\6to--2023_2\ComputacionGrafica\Codigo_C++\Semana4_T1\Nave_Espacial\Main.cpp(774,23): warning C4244: 'argumento': conversión de 'float' a 'GLint'; posible pérdida de datos
C:\Users\PC\Desktop\UPN\6to--2023_2\ComputacionGrafica\Codigo_C++\Semana4_T1\Nave_Espacial\Main.cpp(778,23): warning C4244: 'argumento': conversión de 'float' a 'GLint'; posible pérdida de datos
C:\Users\PC\Desktop\UPN\6to--2023_2\ComputacionGrafica\Codigo_C++\Semana4_T1\Nave_Espacial\Main.cpp(779,23): warning C4244: 'argumento': conversión de 'float' a 'GLint'; posible pérdida de datos
C:\Users\PC\Desktop\UPN\6to--2023_2\ComputacionGrafica\Codigo_C++\Semana4_T1\Nave_Espacial\Main.cpp(780,23): warning C4244: 'argumento': conversión de 'float' a 'GLint'; posible pérdida de datos
C:\Users\PC\Desktop\UPN\6to--2023_2\ComputacionGrafica\Codigo_C++\Semana4_T1\Nave_Espacial\Main.cpp(781,23): warning C4244: 'argumento': conversión de 'float' a 'GLint'; posible pérdida de datos
C:\Users\PC\Desktop\UPN\6to--2023_2\ComputacionGrafica\Codigo_C++\Semana4_T1\Nave_Espacial\Main.cpp(785,23): warning C4244: 'argumento': conversión de 'float' a 'GLint'; posible pérdida de datos
C:\Users\PC\Desktop\UPN\6to--2023_2\ComputacionGrafica\Codigo_C++\Semana4_T1\Nave_Espacial\Main.cpp(786,23): warning C4244: 'argumento': conversión de 'float' a 'GLint'; posible pérdida de datos
C:\Users\PC\Desktop\UPN\6to--2023_2\ComputacionGrafica\Codigo_C++\Semana4_T1\Nave_Espacial\Main.cpp(787,23): warning C4244: 'argumento': conversión de 'float' a 'GLint'; posible pérdida de datos
C:\Users\PC\Desktop\UPN\6to--2023_2\ComputacionGrafica\Codigo_C++\Semana4_T1\Nave_Espacial\Main.cpp(788,23): warning C4244: 'argumento': conversión de 'float' a 'GLint'; posible pérdida de datos
C:\Users\PC\Desktop\UPN\6to--2023_2\ComputacionGrafica\Codigo_C++\Semana4_T1\Nave_Espacial\Main.cpp(793,23): warning C4244: 'argumento': conversión de 'float' a 'GLint'; posible pérdida de datos
C:\Users\PC\Desktop\UPN\6to--2023_2\ComputacionGrafica\Codigo_C++\Semana4_T1\Nave_Espacial\Main.cpp(794,23): warning C4244: 'argumento': conversión de 'float' a 'GLint'; posible pérdida de datos
C:\Users\PC\Desktop\UPN\6to--2023_2\ComputacionGrafica\Codigo_C++\Semana4_T1\Nave_Espacial\Main.cpp(799,23): warning C4244: 'argumento': conversión de 'float' a 'GLint'; posible pérdida de datos
C:\Users\PC\Desktop\UPN\6to--2023_2\ComputacionGrafica\Codigo_C++\Semana4_T1\Nave_Espacial\Main.cpp(800,23): warning C4244: 'argumento': conversión de 'float' a 'GLint'; posible pérdida de datos
C:\Users\PC\Desktop\UPN\6to--2023_2\ComputacionGrafica\Codigo_C++\Semana4_T1\Nave_Espacial\Main.cpp(804,9): warning C4244: '=': conversión de 'float' a 'int'; posible pérdida de datos
C:\Users\PC\Desktop\UPN\6to--2023_2\ComputacionGrafica\Codigo_C++\Semana4_T1\Nave_Espacial\Main.cpp(832,18): warning C4244: 'argumento': conversión de 'float' a 'GLint'; posible pérdida de datos
C:\Users\PC\Desktop\UPN\6to--2023_2\ComputacionGrafica\Codigo_C++\Semana4_T1\Nave_Espacial\Main.cpp(833,18): warning C4244: 'argumento': conversión de 'float' a 'GLint'; posible pérdida de datos
C:\Users\PC\Desktop\UPN\6to--2023_2\ComputacionGrafica\Codigo_C++\Semana4_T1\Nave_Espacial\Main.cpp(834,18): warning C4244: 'argumento': conversión de 'float' a 'GLint'; posible pérdida de datos
C:\Users\PC\Desktop\UPN\6to--2023_2\ComputacionGrafica\Codigo_C++\Semana4_T1\Nave_Espacial\Main.cpp(835,18): warning C4244: 'argumento': conversión de 'float' a 'GLint'; posible pérdida de datos
C:\Users\PC\Desktop\UPN\6to--2023_2\ComputacionGrafica\Codigo_C++\Semana4_T1\Nave_Espacial\Main.cpp(839,18): warning C4244: 'argumento': conversión de 'float' a 'GLint'; posible pérdida de datos
C:\Users\PC\Desktop\UPN\6to--2023_2\ComputacionGrafica\Codigo_C++\Semana4_T1\Nave_Espacial\Main.cpp(840,18): warning C4244: 'argumento': conversión de 'float' a 'GLint'; posible pérdida de datos
C:\Users\PC\Desktop\UPN\6to--2023_2\ComputacionGrafica\Codigo_C++\Semana4_T1\Nave_Espacial\Main.cpp(841,18): warning C4244: 'argumento': conversión de 'float' a 'GLint'; posible pérdida de datos
C:\Users\PC\Desktop\UPN\6to--2023_2\ComputacionGrafica\Codigo_C++\Semana4_T1\Nave_Espacial\Main.cpp(842,18): warning C4244: 'argumento': conversión de 'float' a 'GLint'; posible pérdida de datos
C:\Users\PC\Desktop\UPN\6to--2023_2\ComputacionGrafica\Codigo_C++\Semana4_T1\Nave_Espacial\Main.cpp(847,18): warning C4244: 'argumento': conversión de 'float' a 'GLint'; posible pérdida de datos
C:\Users\PC\Desktop\UPN\6to--2023_2\ComputacionGrafica\Codigo_C++\Semana4_T1\Nave_Espacial\Main.cpp(848,18): warning C4244: 'argumento': conversión de 'float' a 'GLint'; posible pérdida de datos
C:\Users\PC\Desktop\UPN\6to--2023_2\ComputacionGrafica\Codigo_C++\Semana4_T1\Nave_Espacial\Main.cpp(849,18): warning C4244: 'argumento': conversión de 'float' a 'GLint'; posible pérdida de datos
C:\Users\PC\Desktop\UPN\6to--2023_2\ComputacionGrafica\Codigo_C++\Semana4_T1\Nave_Espacial\Main.cpp(850,18): warning C4244: 'argumento': conversión de 'float' a 'GLint'; posible pérdida de datos
C:\Users\PC\Desktop\UPN\6to--2023_2\ComputacionGrafica\Codigo_C++\Semana4_T1\Nave_Espacial\Main.cpp(854,18): warning C4244: 'argumento': conversión de 'float' a 'GLint'; posible pérdida de datos
C:\Users\PC\Desktop\UPN\6to--2023_2\ComputacionGrafica\Codigo_C++\Semana4_T1\Nave_Espacial\Main.cpp(855,18): warning C4244: 'argumento': conversión de 'float' a 'GLint'; posible pérdida de datos
C:\Users\PC\Desktop\UPN\6to--2023_2\ComputacionGrafica\Codigo_C++\Semana4_T1\Nave_Espacial\Main.cpp(856,18): warning C4244: 'argumento': conversión de 'float' a 'GLint'; posible pérdida de datos
C:\Users\PC\Desktop\UPN\6to--2023_2\ComputacionGrafica\Codigo_C++\Semana4_T1\Nave_Espacial\Main.cpp(857,18): warning C4244: 'argumento': conversión de 'float' a 'GLint'; posible pérdida de datos
C:\Users\PC\Desktop\UPN\6to--2023_2\ComputacionGrafica\Codigo_C++\Semana4_T1\Nave_Espacial\Main.cpp(861,18): warning C4244: 'argumento': conversión de 'float' a 'GLint'; posible pérdida de datos
C:\Users\PC\Desktop\UPN\6to--2023_2\ComputacionGrafica\Codigo_C++\Semana4_T1\Nave_Espacial\Main.cpp(862,18): warning C4244: 'argumento': conversión de 'float' a 'GLint'; posible pérdida de datos
C:\Users\PC\Desktop\UPN\6to--2023_2\ComputacionGrafica\Codigo_C++\Semana4_T1\Nave_Espacial\Main.cpp(872,18): warning C4244: 'argumento': conversión de 'float' a 'GLint'; posible pérdida de datos
C:\Users\PC\Desktop\UPN\6to--2023_2\ComputacionGrafica\Codigo_C++\Semana4_T1\Nave_Espacial\Main.cpp(873,18): warning C4244: 'argumento': conversión de 'float' a 'GLint'; posible pérdida de datos
C:\Users\PC\Desktop\UPN\6to--2023_2\ComputacionGrafica\Codigo_C++\Semana4_T1\Nave_Espacial\Main.cpp(874,18): warning C4244: 'argumento': conversión de 'float' a 'GLint'; posible pérdida de datos
C:\Users\PC\Desktop\UPN\6to--2023_2\ComputacionGrafica\Codigo_C++\Semana4_T1\Nave_Espacial\Main.cpp(875,18): warning C4244: 'argumento': conversión de 'float' a 'GLint'; posible pérdida de datos
C:\Users\PC\Desktop\UPN\6to--2023_2\ComputacionGrafica\Codigo_C++\Semana4_T1\Nave_Espacial\Main.cpp(876,18): warning C4244: 'argumento': conversión de 'float' a 'GLint'; posible pérdida de datos
C:\Users\PC\Desktop\UPN\6to--2023_2\ComputacionGrafica\Codigo_C++\Semana4_T1\Nave_Espacial\Main.cpp(877,18): warning C4244: 'argumento': conversión de 'float' a 'GLint'; posible pérdida de datos
C:\Users\PC\Desktop\UPN\6to--2023_2\ComputacionGrafica\Codigo_C++\Semana4_T1\Nave_Espacial\Main.cpp(878,18): warning C4244: 'argumento': conversión de 'float' a 'GLint'; posible pérdida de datos
C:\Users\PC\Desktop\UPN\6to--2023_2\ComputacionGrafica\Codigo_C++\Semana4_T1\Nave_Espacial\Main.cpp(879,18): warning C4244: 'argumento': conversión de 'float' a 'GLint'; posible pérdida de datos
C:\Users\PC\Desktop\UPN\6to--2023_2\ComputacionGrafica\Codigo_C++\Semana4_T1\Nave_Espacial\Main.cpp(880,18): warning C4244: 'argumento': conversión de 'float' a 'GLint'; posible pérdida de datos
C:\Users\PC\Desktop\UPN\6to--2023_2\ComputacionGrafica\Codigo_C++\Semana4_T1\Nave_Espacial\Main.cpp(881,18): warning C4244: 'argumento': conversión de 'float' a 'GLint'; posible pérdida de datos
C:\Users\PC\Desktop\UPN\6to--2023_2\ComputacionGrafica\Codigo_C++\Semana4_T1\Nave_Espacial\Main.cpp(885,18): warning C4244: 'argumento': conversión de 'float' a 'GLint'; posible pérdida de datos
C:\Users\PC\Desktop\UPN\6to--2023_2\ComputacionGrafica\Codigo_C++\Semana4_T1\Nave_Espacial\Main.cpp(886,18): warning C4244: 'argumento': conversión de 'float' a 'GLint'; posible pérdida de datos
C:\Users\PC\Desktop\UPN\6to--2023_2\ComputacionGrafica\Codigo_C++\Semana4_T1\Nave_Espacial\Main.cpp(887,18): warning C4244: 'argumento': conversión de 'float' a 'GLint'; posible pérdida de datos
C:\Users\PC\Desktop\UPN\6to--2023_2\ComputacionGrafica\Codigo_C++\Semana4_T1\Nave_Espacial\Main.cpp(888,18): warning C4244: 'argumento': conversión de 'float' a 'GLint'; posible pérdida de datos
C:\Users\PC\Desktop\UPN\6to--2023_2\ComputacionGrafica\Codigo_C++\Semana4_T1\Nave_Espacial\Main.cpp(892,18): warning C4244: 'argumento': conversión de 'float' a 'GLint'; posible pérdida de datos
C:\Users\PC\Desktop\UPN\6to--2023_2\ComputacionGrafica\Codigo_C++\Semana4_T1\Nave_Espacial\Main.cpp(893,18): warning C4244: 'argumento': conversión de 'float' a 'GLint'; posible pérdida de datos
C:\Users\PC\Desktop\UPN\6to--2023_2\ComputacionGrafica\Codigo_C++\Semana4_T1\Nave_Espacial\Main.cpp(894,18): warning C4244: 'argumento': conversión de 'float' a 'GLint'; posible pérdida de datos
C:\Users\PC\Desktop\UPN\6to--2023_2\ComputacionGrafica\Codigo_C++\Semana4_T1\Nave_Espacial\Main.cpp(895,18): warning C4244: 'argumento': conversión de 'float' a 'GLint'; posible pérdida de datos
C:\Users\PC\Desktop\UPN\6to--2023_2\ComputacionGrafica\Codigo_C++\Semana4_T1\Nave_Espacial\Main.cpp(899,18): warning C4244: 'argumento': conversión de 'float' a 'GLint'; posible pérdida de datos
C:\Users\PC\Desktop\UPN\6to--2023_2\ComputacionGrafica\Codigo_C++\Semana4_T1\Nave_Espacial\Main.cpp(900,18): warning C4244: 'argumento': conversión de 'float' a 'GLint'; posible pérdida de datos
C:\Users\PC\Desktop\UPN\6to--2023_2\ComputacionGrafica\Codigo_C++\Semana4_T1\Nave_Espacial\Main.cpp(901,18): warning C4244: 'argumento': conversión de 'float' a 'GLint'; posible pérdida de datos
C:\Users\PC\Desktop\UPN\6to--2023_2\ComputacionGrafica\Codigo_C++\Semana4_T1\Nave_Espacial\Main.cpp(902,18): warning C4244: 'argumento': conversión de 'float' a 'GLint'; posible pérdida de datos
C:\Users\PC\Desktop\UPN\6to--2023_2\ComputacionGrafica\Codigo_C++\Semana4_T1\Nave_Espacial\Main.cpp(906,18): warning C4244: 'argumento': conversión de 'float' a 'GLint'; posible pérdida de datos
C:\Users\PC\Desktop\UPN\6to--2023_2\ComputacionGrafica\Codigo_C++\Semana4_T1\Nave_Espacial\Main.cpp(907,18): warning C4244: 'argumento': conversión de 'float' a 'GLint'; posible pérdida de datos
C:\Users\PC\Desktop\UPN\6to--2023_2\ComputacionGrafica\Codigo_C++\Semana4_T1\Nave_Espacial\Main.cpp(908,18): warning C4244: 'argumento': conversión de 'float' a 'GLint'; posible pérdida de datos
C:\Users\PC\Desktop\UPN\6to--2023_2\ComputacionGrafica\Codigo_C++\Semana4_T1\Nave_Espacial\Main.cpp(909,18): warning C4244: 'argumento': conversión de 'float' a 'GLint'; posible pérdida de datos
C:\Users\PC\Desktop\UPN\6to--2023_2\ComputacionGrafica\Codigo_C++\Semana4_T1\Nave_Espacial\Main.cpp(914,19): warning C4244: 'argumento': conversión de 'float' a 'GLint'; posible pérdida de datos
C:\Users\PC\Desktop\UPN\6to--2023_2\ComputacionGrafica\Codigo_C++\Semana4_T1\Nave_Espacial\Main.cpp(915,19): warning C4244: 'argumento': conversión de 'float' a 'GLint'; posible pérdida de datos
C:\Users\PC\Desktop\UPN\6to--2023_2\ComputacionGrafica\Codigo_C++\Semana4_T1\Nave_Espacial\Main.cpp(916,19): warning C4244: 'argumento': conversión de 'float' a 'GLint'; posible pérdida de datos
C:\Users\PC\Desktop\UPN\6to--2023_2\ComputacionGrafica\Codigo_C++\Semana4_T1\Nave_Espacial\Main.cpp(917,19): warning C4244: 'argumento': conversión de 'float' a 'GLint'; posible pérdida de datos
C:\Users\PC\Desktop\UPN\6to--2023_2\ComputacionGrafica\Codigo_C++\Semana4_T1\Nave_Espacial\Main.cpp(934,18): warning C4244: 'argumento': conversión de 'float' a 'GLint'; posible pérdida de datos
C:\Users\PC\Desktop\UPN\6to--2023_2\ComputacionGrafica\Codigo_C++\Semana4_T1\Nave_Espacial\Main.cpp(935,18): warning C4244: 'argumento': conversión de 'float' a 'GLint'; posible pérdida de datos
C:\Users\PC\Desktop\UPN\6to--2023_2\ComputacionGrafica\Codigo_C++\Semana4_T1\Nave_Espacial\Main.cpp(940,18): warning C4244: 'argumento': conversión de 'float' a 'GLint'; posible pérdida de datos
C:\Users\PC\Desktop\UPN\6to--2023_2\ComputacionGrafica\Codigo_C++\Semana4_T1\Nave_Espacial\Main.cpp(941,18): warning C4244: 'argumento': conversión de 'float' a 'GLint'; posible pérdida de datos
C:\Users\PC\Desktop\UPN\6to--2023_2\ComputacionGrafica\Codigo_C++\Semana4_T1\Nave_Espacial\Main.cpp(973,18): warning C4244: 'argumento': conversión de 'float' a 'GLint'; posible pérdida de datos
C:\Users\PC\Desktop\UPN\6to--2023_2\ComputacionGrafica\Codigo_C++\Semana4_T1\Nave_Espacial\Main.cpp(974,18): warning C4244: 'argumento': conversión de 'float' a 'GLint'; posible pérdida de datos
C:\Users\PC\Desktop\UPN\6to--2023_2\ComputacionGrafica\Codigo_C++\Semana4_T1\Nave_Espacial\Main.cpp(975,18): warning C4244: 'argumento': conversión de 'float' a 'GLint'; posible pérdida de datos
C:\Users\PC\Desktop\UPN\6to--2023_2\ComputacionGrafica\Codigo_C++\Semana4_T1\Nave_Espacial\Main.cpp(976,18): warning C4244: 'argumento': conversión de 'float' a 'GLint'; posible pérdida de datos
C:\Users\PC\Desktop\UPN\6to--2023_2\ComputacionGrafica\Codigo_C++\Semana4_T1\Nave_Espacial\Main.cpp(980,18): warning C4244: 'argumento': conversión de 'float' a 'GLint'; posible pérdida de datos
C:\Users\PC\Desktop\UPN\6to--2023_2\ComputacionGrafica\Codigo_C++\Semana4_T1\Nave_Espacial\Main.cpp(981,18): warning C4244: 'argumento': conversión de 'float' a 'GLint'; posible pérdida de datos
C:\Users\PC\Desktop\UPN\6to--2023_2\ComputacionGrafica\Codigo_C++\Semana4_T1\Nave_Espacial\Main.cpp(982,18): warning C4244: 'argumento': conversión de 'float' a 'GLint'; posible pérdida de datos
C:\Users\PC\Desktop\UPN\6to--2023_2\ComputacionGrafica\Codigo_C++\Semana4_T1\Nave_Espacial\Main.cpp(983,18): warning C4244: 'argumento': conversión de 'float' a 'GLint'; posible pérdida de datos
C:\Users\PC\Desktop\UPN\6to--2023_2\ComputacionGrafica\Codigo_C++\Semana4_T1\Nave_Espacial\Main.cpp(988,18): warning C4244: 'argumento': conversión de 'float' a 'GLint'; posible pérdida de datos
C:\Users\PC\Desktop\UPN\6to--2023_2\ComputacionGrafica\Codigo_C++\Semana4_T1\Nave_Espacial\Main.cpp(989,18): warning C4244: 'argumento': conversión de 'float' a 'GLint'; posible pérdida de datos
C:\Users\PC\Desktop\UPN\6to--2023_2\ComputacionGrafica\Codigo_C++\Semana4_T1\Nave_Espacial\Main.cpp(990,18): warning C4244: 'argumento': conversión de 'float' a 'GLint'; posible pérdida de datos
C:\Users\PC\Desktop\UPN\6to--2023_2\ComputacionGrafica\Codigo_C++\Semana4_T1\Nave_Espacial\Main.cpp(991,18): warning C4244: 'argumento': conversión de 'float' a 'GLint'; posible pérdida de datos
C:\Users\PC\Desktop\UPN\6to--2023_2\ComputacionGrafica\Codigo_C++\Semana4_T1\Nave_Espacial\Main.cpp(995,18): warning C4244: 'argumento': conversión de 'float' a 'GLint'; posible pérdida de datos
C:\Users\PC\Desktop\UPN\6to--2023_2\ComputacionGrafica\Codigo_C++\Semana4_T1\Nave_Espacial\Main.cpp(996,18): warning C4244: 'argumento': conversión de 'float' a 'GLint'; posible pérdida de datos
C:\Users\PC\Desktop\UPN\6to--2023_2\ComputacionGrafica\Codigo_C++\Semana4_T1\Nave_Espacial\Main.cpp(997,18): warning C4244: 'argumento': conversión de 'float' a 'GLint'; posible pérdida de datos
C:\Users\PC\Desktop\UPN\6to--2023_2\ComputacionGrafica\Codigo_C++\Semana4_T1\Nave_Espacial\Main.cpp(998,18): warning C4244: 'argumento': conversión de 'float' a 'GLint'; posible pérdida de datos
C:\Users\PC\Desktop\UPN\6to--2023_2\ComputacionGrafica\Codigo_C++\Semana4_T1\Nave_Espacial\Main.cpp(1002,18): warning C4244: 'argumento': conversión de 'float' a 'GLint'; posible pérdida de datos
C:\Users\PC\Desktop\UPN\6to--2023_2\ComputacionGrafica\Codigo_C++\Semana4_T1\Nave_Espacial\Main.cpp(1003,18): warning C4244: 'argumento': conversión de 'float' a 'GLint'; posible pérdida de datos
C:\Users\PC\Desktop\UPN\6to--2023_2\ComputacionGrafica\Codigo_C++\Semana4_T1\Nave_Espacial\Main.cpp(1013,18): warning C4244: 'argumento': conversión de 'float' a 'GLint'; posible pérdida de datos
C:\Users\PC\Desktop\UPN\6to--2023_2\ComputacionGrafica\Codigo_C++\Semana4_T1\Nave_Espacial\Main.cpp(1014,18): warning C4244: 'argumento': conversión de 'float' a 'GLint'; posible pérdida de datos
C:\Users\PC\Desktop\UPN\6to--2023_2\ComputacionGrafica\Codigo_C++\Semana4_T1\Nave_Espacial\Main.cpp(1015,18): warning C4244: 'argumento': conversión de 'float' a 'GLint'; posible pérdida de datos
C:\Users\PC\Desktop\UPN\6to--2023_2\ComputacionGrafica\Codigo_C++\Semana4_T1\Nave_Espacial\Main.cpp(1016,18): warning C4244: 'argumento': conversión de 'float' a 'GLint'; posible pérdida de datos
C:\Users\PC\Desktop\UPN\6to--2023_2\ComputacionGrafica\Codigo_C++\Semana4_T1\Nave_Espacial\Main.cpp(1017,18): warning C4244: 'argumento': conversión de 'float' a 'GLint'; posible pérdida de datos
C:\Users\PC\Desktop\UPN\6to--2023_2\ComputacionGrafica\Codigo_C++\Semana4_T1\Nave_Espacial\Main.cpp(1018,18): warning C4244: 'argumento': conversión de 'float' a 'GLint'; posible pérdida de datos
C:\Users\PC\Desktop\UPN\6to--2023_2\ComputacionGrafica\Codigo_C++\Semana4_T1\Nave_Espacial\Main.cpp(1019,18): warning C4244: 'argumento': conversión de 'float' a 'GLint'; posible pérdida de datos
C:\Users\PC\Desktop\UPN\6to--2023_2\ComputacionGrafica\Codigo_C++\Semana4_T1\Nave_Espacial\Main.cpp(1020,18): warning C4244: 'argumento': conversión de 'float' a 'GLint'; posible pérdida de datos
C:\Users\PC\Desktop\UPN\6to--2023_2\ComputacionGrafica\Codigo_C++\Semana4_T1\Nave_Espacial\Main.cpp(1021,18): warning C4244: 'argumento': conversión de 'float' a 'GLint'; posible pérdida de datos
C:\Users\PC\Desktop\UPN\6to--2023_2\ComputacionGrafica\Codigo_C++\Semana4_T1\Nave_Espacial\Main.cpp(1022,18): warning C4244: 'argumento': conversión de 'float' a 'GLint'; posible pérdida de datos
C:\Users\PC\Desktop\UPN\6to--2023_2\ComputacionGrafica\Codigo_C++\Semana4_T1\Nave_Espacial\Main.cpp(1026,18): warning C4244: 'argumento': conversión de 'float' a 'GLint'; posible pérdida de datos
C:\Users\PC\Desktop\UPN\6to--2023_2\ComputacionGrafica\Codigo_C++\Semana4_T1\Nave_Espacial\Main.cpp(1027,18): warning C4244: 'argumento': conversión de 'float' a 'GLint'; posible pérdida de datos
C:\Users\PC\Desktop\UPN\6to--2023_2\ComputacionGrafica\Codigo_C++\Semana4_T1\Nave_Espacial\Main.cpp(1028,18): warning C4244: 'argumento': conversión de 'float' a 'GLint'; posible pérdida de datos
C:\Users\PC\Desktop\UPN\6to--2023_2\ComputacionGrafica\Codigo_C++\Semana4_T1\Nave_Espacial\Main.cpp(1029,18): warning C4244: 'argumento': conversión de 'float' a 'GLint'; posible pérdida de datos
C:\Users\PC\Desktop\UPN\6to--2023_2\ComputacionGrafica\Codigo_C++\Semana4_T1\Nave_Espacial\Main.cpp(1033,18): warning C4244: 'argumento': conversión de 'float' a 'GLint'; posible pérdida de datos
C:\Users\PC\Desktop\UPN\6to--2023_2\ComputacionGrafica\Codigo_C++\Semana4_T1\Nave_Espacial\Main.cpp(1034,18): warning C4244: 'argumento': conversión de 'float' a 'GLint'; posible pérdida de datos
C:\Users\PC\Desktop\UPN\6to--2023_2\ComputacionGrafica\Codigo_C++\Semana4_T1\Nave_Espacial\Main.cpp(1035,18): warning C4244: 'argumento': conversión de 'float' a 'GLint'; posible pérdida de datos
C:\Users\PC\Desktop\UPN\6to--2023_2\ComputacionGrafica\Codigo_C++\Semana4_T1\Nave_Espacial\Main.cpp(1036,18): warning C4244: 'argumento': conversión de 'float' a 'GLint'; posible pérdida de datos
C:\Users\PC\Desktop\UPN\6to--2023_2\ComputacionGrafica\Codigo_C++\Semana4_T1\Nave_Espacial\Main.cpp(1040,18): warning C4244: 'argumento': conversión de 'float' a 'GLint'; posible pérdida de datos
C:\Users\PC\Desktop\UPN\6to--2023_2\ComputacionGrafica\Codigo_C++\Semana4_T1\Nave_Espacial\Main.cpp(1041,18): warning C4244: 'argumento': conversión de 'float' a 'GLint'; posible pérdida de datos
C:\Users\PC\Desktop\UPN\6to--2023_2\ComputacionGrafica\Codigo_C++\Semana4_T1\Nave_Espacial\Main.cpp(1042,18): warning C4244: 'argumento': conversión de 'float' a 'GLint'; posible pérdida de datos
C:\Users\PC\Desktop\UPN\6to--2023_2\ComputacionGrafica\Codigo_C++\Semana4_T1\Nave_Espacial\Main.cpp(1043,18): warning C4244: 'argumento': conversión de 'float' a 'GLint'; posible pérdida de datos
C:\Users\PC\Desktop\UPN\6to--2023_2\ComputacionGrafica\Codigo_C++\Semana4_T1\Nave_Espacial\Main.cpp(1047,18): warning C4244: 'argumento': conversión de 'float' a 'GLint'; posible pérdida de datos
C:\Users\PC\Desktop\UPN\6to--2023_2\ComputacionGrafica\Codigo_C++\Semana4_T1\Nave_Espacial\Main.cpp(1048,18): warning C4244: 'argumento': conversión de 'float' a 'GLint'; posible pérdida de datos
C:\Users\PC\Desktop\UPN\6to--2023_2\ComputacionGrafica\Codigo_C++\Semana4_T1\Nave_Espacial\Main.cpp(1049,18): warning C4244: 'argumento': conversión de 'float' a 'GLint'; posible pérdida de datos
C:\Users\PC\Desktop\UPN\6to--2023_2\ComputacionGrafica\Codigo_C++\Semana4_T1\Nave_Espacial\Main.cpp(1050,18): warning C4244: 'argumento': conversión de 'float' a 'GLint'; posible pérdida de datos
C:\Users\PC\Desktop\UPN\6to--2023_2\ComputacionGrafica\Codigo_C++\Semana4_T1\Nave_Espacial\Main.cpp(1055,18): warning C4244: 'argumento': conversión de 'float' a 'GLint'; posible pérdida de datos
C:\Users\PC\Desktop\UPN\6to--2023_2\ComputacionGrafica\Codigo_C++\Semana4_T1\Nave_Espacial\Main.cpp(1056,18): warning C4244: 'argumento': conversión de 'float' a 'GLint'; posible pérdida de datos
C:\Users\PC\Desktop\UPN\6to--2023_2\ComputacionGrafica\Codigo_C++\Semana4_T1\Nave_Espacial\Main.cpp(1057,18): warning C4244: 'argumento': conversión de 'float' a 'GLint'; posible pérdida de datos
C:\Users\PC\Desktop\UPN\6to--2023_2\ComputacionGrafica\Codigo_C++\Semana4_T1\Nave_Espacial\Main.cpp(1058,18): warning C4244: 'argumento': conversión de 'float' a 'GLint'; posible pérdida de datos
C:\Users\PC\Desktop\UPN\6to--2023_2\ComputacionGrafica\Codigo_C++\Semana4_T1\Nave_Espacial\Main.cpp(1064,18): warning C4244: 'argumento': conversión de 'float' a 'GLint'; posible pérdida de datos
C:\Users\PC\Desktop\UPN\6to--2023_2\ComputacionGrafica\Codigo_C++\Semana4_T1\Nave_Espacial\Main.cpp(1065,18): warning C4244: 'argumento': conversión de 'float' a 'GLint'; posible pérdida de datos
C:\Users\PC\Desktop\UPN\6to--2023_2\ComputacionGrafica\Codigo_C++\Semana4_T1\Nave_Espacial\Main.cpp(1070,18): warning C4244: 'argumento': conversión de 'float' a 'GLint'; posible pérdida de datos
C:\Users\PC\Desktop\UPN\6to--2023_2\ComputacionGrafica\Codigo_C++\Semana4_T1\Nave_Espacial\Main.cpp(1071,18): warning C4244: 'argumento': conversión de 'float' a 'GLint'; posible pérdida de datos
C:\Users\PC\Desktop\UPN\6to--2023_2\ComputacionGrafica\Codigo_C++\Semana4_T1\Nave_Espacial\Main.cpp(1101,18): warning C4244: 'argumento': conversión de 'float' a 'GLint'; posible pérdida de datos
C:\Users\PC\Desktop\UPN\6to--2023_2\ComputacionGrafica\Codigo_C++\Semana4_T1\Nave_Espacial\Main.cpp(1102,18): warning C4244: 'argumento': conversión de 'float' a 'GLint'; posible pérdida de datos
C:\Users\PC\Desktop\UPN\6to--2023_2\ComputacionGrafica\Codigo_C++\Semana4_T1\Nave_Espacial\Main.cpp(1103,18): warning C4244: 'argumento': conversión de 'float' a 'GLint'; posible pérdida de datos
C:\Users\PC\Desktop\UPN\6to--2023_2\ComputacionGrafica\Codigo_C++\Semana4_T1\Nave_Espacial\Main.cpp(1104,18): warning C4244: 'argumento': conversión de 'float' a 'GLint'; posible pérdida de datos
C:\Users\PC\Desktop\UPN\6to--2023_2\ComputacionGrafica\Codigo_C++\Semana4_T1\Nave_Espacial\Main.cpp(1108,18): warning C4244: 'argumento': conversión de 'float' a 'GLint'; posible pérdida de datos
C:\Users\PC\Desktop\UPN\6to--2023_2\ComputacionGrafica\Codigo_C++\Semana4_T1\Nave_Espacial\Main.cpp(1109,18): warning C4244: 'argumento': conversión de 'float' a 'GLint'; posible pérdida de datos
C:\Users\PC\Desktop\UPN\6to--2023_2\ComputacionGrafica\Codigo_C++\Semana4_T1\Nave_Espacial\Main.cpp(1110,18): warning C4244: 'argumento': conversión de 'float' a 'GLint'; posible pérdida de datos
C:\Users\PC\Desktop\UPN\6to--2023_2\ComputacionGrafica\Codigo_C++\Semana4_T1\Nave_Espacial\Main.cpp(1111,18): warning C4244: 'argumento': conversión de 'float' a 'GLint'; posible pérdida de datos
C:\Users\PC\Desktop\UPN\6to--2023_2\ComputacionGrafica\Codigo_C++\Semana4_T1\Nave_Espacial\Main.cpp(1116,18): warning C4244: 'argumento': conversión de 'float' a 'GLint'; posible pérdida de datos
C:\Users\PC\Desktop\UPN\6to--2023_2\ComputacionGrafica\Codigo_C++\Semana4_T1\Nave_Espacial\Main.cpp(1117,18): warning C4244: 'argumento': conversión de 'float' a 'GLint'; posible pérdida de datos
C:\Users\PC\Desktop\UPN\6to--2023_2\ComputacionGrafica\Codigo_C++\Semana4_T1\Nave_Espacial\Main.cpp(1118,18): warning C4244: 'argumento': conversión de 'float' a 'GLint'; posible pérdida de datos
C:\Users\PC\Desktop\UPN\6to--2023_2\ComputacionGrafica\Codigo_C++\Semana4_T1\Nave_Espacial\Main.cpp(1119,18): warning C4244: 'argumento': conversión de 'float' a 'GLint'; posible pérdida de datos
C:\Users\PC\Desktop\UPN\6to--2023_2\ComputacionGrafica\Codigo_C++\Semana4_T1\Nave_Espacial\Main.cpp(1123,18): warning C4244: 'argumento': conversión de 'float' a 'GLint'; posible pérdida de datos
C:\Users\PC\Desktop\UPN\6to--2023_2\ComputacionGrafica\Codigo_C++\Semana4_T1\Nave_Espacial\Main.cpp(1124,18): warning C4244: 'argumento': conversión de 'float' a 'GLint'; posible pérdida de datos
C:\Users\PC\Desktop\UPN\6to--2023_2\ComputacionGrafica\Codigo_C++\Semana4_T1\Nave_Espacial\Main.cpp(1125,18): warning C4244: 'argumento': conversión de 'float' a 'GLint'; posible pérdida de datos
C:\Users\PC\Desktop\UPN\6to--2023_2\ComputacionGrafica\Codigo_C++\Semana4_T1\Nave_Espacial\Main.cpp(1126,18): warning C4244: 'argumento': conversión de 'float' a 'GLint'; posible pérdida de datos
C:\Users\PC\Desktop\UPN\6to--2023_2\ComputacionGrafica\Codigo_C++\Semana4_T1\Nave_Espacial\Main.cpp(1130,18): warning C4244: 'argumento': conversión de 'float' a 'GLint'; posible pérdida de datos
C:\Users\PC\Desktop\UPN\6to--2023_2\ComputacionGrafica\Codigo_C++\Semana4_T1\Nave_Espacial\Main.cpp(1131,18): warning C4244: 'argumento': conversión de 'float' a 'GLint'; posible pérdida de datos
C:\Users\PC\Desktop\UPN\6to--2023_2\ComputacionGrafica\Codigo_C++\Semana4_T1\Nave_Espacial\Main.cpp(1141,18): warning C4244: 'argumento': conversión de 'float' a 'GLint'; posible pérdida de datos
C:\Users\PC\Desktop\UPN\6to--2023_2\ComputacionGrafica\Codigo_C++\Semana4_T1\Nave_Espacial\Main.cpp(1142,18): warning C4244: 'argumento': conversión de 'float' a 'GLint'; posible pérdida de datos
C:\Users\PC\Desktop\UPN\6to--2023_2\ComputacionGrafica\Codigo_C++\Semana4_T1\Nave_Espacial\Main.cpp(1143,18): warning C4244: 'argumento': conversión de 'float' a 'GLint'; posible pérdida de datos
C:\Users\PC\Desktop\UPN\6to--2023_2\ComputacionGrafica\Codigo_C++\Semana4_T1\Nave_Espacial\Main.cpp(1144,18): warning C4244: 'argumento': conversión de 'float' a 'GLint'; posible pérdida de datos
C:\Users\PC\Desktop\UPN\6to--2023_2\ComputacionGrafica\Codigo_C++\Semana4_T1\Nave_Espacial\Main.cpp(1145,18): warning C4244: 'argumento': conversión de 'float' a 'GLint'; posible pérdida de datos
C:\Users\PC\Desktop\UPN\6to--2023_2\ComputacionGrafica\Codigo_C++\Semana4_T1\Nave_Espacial\Main.cpp(1146,18): warning C4244: 'argumento': conversión de 'float' a 'GLint'; posible pérdida de datos
C:\Users\PC\Desktop\UPN\6to--2023_2\ComputacionGrafica\Codigo_C++\Semana4_T1\Nave_Espacial\Main.cpp(1147,18): warning C4244: 'argumento': conversión de 'float' a 'GLint'; posible pérdida de datos
C:\Users\PC\Desktop\UPN\6to--2023_2\ComputacionGrafica\Codigo_C++\Semana4_T1\Nave_Espacial\Main.cpp(1148,18): warning C4244: 'argumento': conversión de 'float' a 'GLint'; posible pérdida de datos
C:\Users\PC\Desktop\UPN\6to--2023_2\ComputacionGrafica\Codigo_C++\Semana4_T1\Nave_Espacial\Main.cpp(1149,18): warning C4244: 'argumento': conversión de 'float' a 'GLint'; posible pérdida de datos
C:\Users\PC\Desktop\UPN\6to--2023_2\ComputacionGrafica\Codigo_C++\Semana4_T1\Nave_Espacial\Main.cpp(1150,18): warning C4244: 'argumento': conversión de 'float' a 'GLint'; posible pérdida de datos
C:\Users\PC\Desktop\UPN\6to--2023_2\ComputacionGrafica\Codigo_C++\Semana4_T1\Nave_Espacial\Main.cpp(1154,18): warning C4244: 'argumento': conversión de 'float' a 'GLint'; posible pérdida de datos
C:\Users\PC\Desktop\UPN\6to--2023_2\ComputacionGrafica\Codigo_C++\Semana4_T1\Nave_Espacial\Main.cpp(1155,18): warning C4244: 'argumento': conversión de 'float' a 'GLint'; posible pérdida de datos
C:\Users\PC\Desktop\UPN\6to--2023_2\ComputacionGrafica\Codigo_C++\Semana4_T1\Nave_Espacial\Main.cpp(1156,18): warning C4244: 'argumento': conversión de 'float' a 'GLint'; posible pérdida de datos
C:\Users\PC\Desktop\UPN\6to--2023_2\ComputacionGrafica\Codigo_C++\Semana4_T1\Nave_Espacial\Main.cpp(1157,18): warning C4244: 'argumento': conversión de 'float' a 'GLint'; posible pérdida de datos
C:\Users\PC\Desktop\UPN\6to--2023_2\ComputacionGrafica\Codigo_C++\Semana4_T1\Nave_Espacial\Main.cpp(1161,18): warning C4244: 'argumento': conversión de 'float' a 'GLint'; posible pérdida de datos
C:\Users\PC\Desktop\UPN\6to--2023_2\ComputacionGrafica\Codigo_C++\Semana4_T1\Nave_Espacial\Main.cpp(1162,18): warning C4244: 'argumento': conversión de 'float' a 'GLint'; posible pérdida de datos
C:\Users\PC\Desktop\UPN\6to--2023_2\ComputacionGrafica\Codigo_C++\Semana4_T1\Nave_Espacial\Main.cpp(1163,18): warning C4244: 'argumento': conversión de 'float' a 'GLint'; posible pérdida de datos
C:\Users\PC\Desktop\UPN\6to--2023_2\ComputacionGrafica\Codigo_C++\Semana4_T1\Nave_Espacial\Main.cpp(1164,18): warning C4244: 'argumento': conversión de 'float' a 'GLint'; posible pérdida de datos
C:\Users\PC\Desktop\UPN\6to--2023_2\ComputacionGrafica\Codigo_C++\Semana4_T1\Nave_Espacial\Main.cpp(1168,18): warning C4244: 'argumento': conversión de 'float' a 'GLint'; posible pérdida de datos
C:\Users\PC\Desktop\UPN\6to--2023_2\ComputacionGrafica\Codigo_C++\Semana4_T1\Nave_Espacial\Main.cpp(1169,18): warning C4244: 'argumento': conversión de 'float' a 'GLint'; posible pérdida de datos
C:\Users\PC\Desktop\UPN\6to--2023_2\ComputacionGrafica\Codigo_C++\Semana4_T1\Nave_Espacial\Main.cpp(1170,18): warning C4244: 'argumento': conversión de 'float' a 'GLint'; posible pérdida de datos
C:\Users\PC\Desktop\UPN\6to--2023_2\ComputacionGrafica\Codigo_C++\Semana4_T1\Nave_Espacial\Main.cpp(1171,18): warning C4244: 'argumento': conversión de 'float' a 'GLint'; posible pérdida de datos
C:\Users\PC\Desktop\UPN\6to--2023_2\ComputacionGrafica\Codigo_C++\Semana4_T1\Nave_Espacial\Main.cpp(1175,18): warning C4244: 'argumento': conversión de 'float' a 'GLint'; posible pérdida de datos
C:\Users\PC\Desktop\UPN\6to--2023_2\ComputacionGrafica\Codigo_C++\Semana4_T1\Nave_Espacial\Main.cpp(1176,18): warning C4244: 'argumento': conversión de 'float' a 'GLint'; posible pérdida de datos
C:\Users\PC\Desktop\UPN\6to--2023_2\ComputacionGrafica\Codigo_C++\Semana4_T1\Nave_Espacial\Main.cpp(1177,18): warning C4244: 'argumento': conversión de 'float' a 'GLint'; posible pérdida de datos
C:\Users\PC\Desktop\UPN\6to--2023_2\ComputacionGrafica\Codigo_C++\Semana4_T1\Nave_Espacial\Main.cpp(1178,18): warning C4244: 'argumento': conversión de 'float' a 'GLint'; posible pérdida de datos
C:\Users\PC\Desktop\UPN\6to--2023_2\ComputacionGrafica\Codigo_C++\Semana4_T1\Nave_Espacial\Main.cpp(1183,18): warning C4244: 'argumento': conversión de 'float' a 'GLint'; posible pérdida de datos
C:\Users\PC\Desktop\UPN\6to--2023_2\ComputacionGrafica\Codigo_C++\Semana4_T1\Nave_Espacial\Main.cpp(1184,18): warning C4244: 'argumento': conversión de 'float' a 'GLint'; posible pérdida de datos
C:\Users\PC\Desktop\UPN\6to--2023_2\ComputacionGrafica\Codigo_C++\Semana4_T1\Nave_Espacial\Main.cpp(1185,18): warning C4244: 'argumento': conversión de 'float' a 'GLint'; posible pérdida de datos
C:\Users\PC\Desktop\UPN\6to--2023_2\ComputacionGrafica\Codigo_C++\Semana4_T1\Nave_Espacial\Main.cpp(1186,18): warning C4244: 'argumento': conversión de 'float' a 'GLint'; posible pérdida de datos
C:\Users\PC\Desktop\UPN\6to--2023_2\ComputacionGrafica\Codigo_C++\Semana4_T1\Nave_Espacial\Main.cpp(1192,18): warning C4244: 'argumento': conversión de 'float' a 'GLint'; posible pérdida de datos
C:\Users\PC\Desktop\UPN\6to--2023_2\ComputacionGrafica\Codigo_C++\Semana4_T1\Nave_Espacial\Main.cpp(1193,18): warning C4244: 'argumento': conversión de 'float' a 'GLint'; posible pérdida de datos
C:\Users\PC\Desktop\UPN\6to--2023_2\ComputacionGrafica\Codigo_C++\Semana4_T1\Nave_Espacial\Main.cpp(1198,18): warning C4244: 'argumento': conversión de 'float' a 'GLint'; posible pérdida de datos
C:\Users\PC\Desktop\UPN\6to--2023_2\ComputacionGrafica\Codigo_C++\Semana4_T1\Nave_Espacial\Main.cpp(1199,18): warning C4244: 'argumento': conversión de 'float' a 'GLint'; posible pérdida de datos
C:\Users\PC\Desktop\UPN\6to--2023_2\ComputacionGrafica\Codigo_C++\Semana4_T1\Nave_Espacial\Main.cpp(1250,18): warning C4244: 'argumento': conversión de 'float' a 'GLint'; posible pérdida de datos
C:\Users\PC\Desktop\UPN\6to--2023_2\ComputacionGrafica\Codigo_C++\Semana4_T1\Nave_Espacial\Main.cpp(1251,18): warning C4244: 'argumento': conversión de 'float' a 'GLint'; posible pérdida de datos
C:\Users\PC\Desktop\UPN\6to--2023_2\ComputacionGrafica\Codigo_C++\Semana4_T1\Nave_Espacial\Main.cpp(1252,18): warning C4244: 'argumento': conversión de 'float' a 'GLint'; posible pérdida de datos
C:\Users\PC\Desktop\UPN\6to--2023_2\ComputacionGrafica\Codigo_C++\Semana4_T1\Nave_Espacial\Main.cpp(1253,18): warning C4244: 'argumento': conversión de 'float' a 'GLint'; posible pérdida de datos
C:\Users\PC\Desktop\UPN\6to--2023_2\ComputacionGrafica\Codigo_C++\Semana4_T1\Nave_Espacial\Main.cpp(1257,18): warning C4244: 'argumento': conversión de 'float' a 'GLint'; posible pérdida de datos
C:\Users\PC\Desktop\UPN\6to--2023_2\ComputacionGrafica\Codigo_C++\Semana4_T1\Nave_Espacial\Main.cpp(1258,18): warning C4244: 'argumento': conversión de 'float' a 'GLint'; posible pérdida de datos
C:\Users\PC\Desktop\UPN\6to--2023_2\ComputacionGrafica\Codigo_C++\Semana4_T1\Nave_Espacial\Main.cpp(1259,18): warning C4244: 'argumento': conversión de 'float' a 'GLint'; posible pérdida de datos
C:\Users\PC\Desktop\UPN\6to--2023_2\ComputacionGrafica\Codigo_C++\Semana4_T1\Nave_Espacial\Main.cpp(1260,18): warning C4244: 'argumento': conversión de 'float' a 'GLint'; posible pérdida de datos
C:\Users\PC\Desktop\UPN\6to--2023_2\ComputacionGrafica\Codigo_C++\Semana4_T1\Nave_Espacial\Main.cpp(1265,18): warning C4244: 'argumento': conversión de 'float' a 'GLint'; posible pérdida de datos
C:\Users\PC\Desktop\UPN\6to--2023_2\ComputacionGrafica\Codigo_C++\Semana4_T1\Nave_Espacial\Main.cpp(1266,18): warning C4244: 'argumento': conversión de 'float' a 'GLint'; posible pérdida de datos
C:\Users\PC\Desktop\UPN\6to--2023_2\ComputacionGrafica\Codigo_C++\Semana4_T1\Nave_Espacial\Main.cpp(1267,18): warning C4244: 'argumento': conversión de 'float' a 'GLint'; posible pérdida de datos
C:\Users\PC\Desktop\UPN\6to--2023_2\ComputacionGrafica\Codigo_C++\Semana4_T1\Nave_Espacial\Main.cpp(1268,18): warning C4244: 'argumento': conversión de 'float' a 'GLint'; posible pérdida de datos
C:\Users\PC\Desktop\UPN\6to--2023_2\ComputacionGrafica\Codigo_C++\Semana4_T1\Nave_Espacial\Main.cpp(1272,18): warning C4244: 'argumento': conversión de 'float' a 'GLint'; posible pérdida de datos
C:\Users\PC\Desktop\UPN\6to--2023_2\ComputacionGrafica\Codigo_C++\Semana4_T1\Nave_Espacial\Main.cpp(1273,18): warning C4244: 'argumento': conversión de 'float' a 'GLint'; posible pérdida de datos
C:\Users\PC\Desktop\UPN\6to--2023_2\ComputacionGrafica\Codigo_C++\Semana4_T1\Nave_Espacial\Main.cpp(1274,18): warning C4244: 'argumento': conversión de 'float' a 'GLint'; posible pérdida de datos
C:\Users\PC\Desktop\UPN\6to--2023_2\ComputacionGrafica\Codigo_C++\Semana4_T1\Nave_Espacial\Main.cpp(1275,18): warning C4244: 'argumento': conversión de 'float' a 'GLint'; posible pérdida de datos
C:\Users\PC\Desktop\UPN\6to--2023_2\ComputacionGrafica\Codigo_C++\Semana4_T1\Nave_Espacial\Main.cpp(1279,18): warning C4244: 'argumento': conversión de 'float' a 'GLint'; posible pérdida de datos
C:\Users\PC\Desktop\UPN\6to--2023_2\ComputacionGrafica\Codigo_C++\Semana4_T1\Nave_Espacial\Main.cpp(1280,18): warning C4244: 'argumento': conversión de 'float' a 'GLint'; posible pérdida de datos
C:\Users\PC\Desktop\UPN\6to--2023_2\ComputacionGrafica\Codigo_C++\Semana4_T1\Nave_Espacial\Main.cpp(1290,18): warning C4244: 'argumento': conversión de 'float' a 'GLint'; posible pérdida de datos
C:\Users\PC\Desktop\UPN\6to--2023_2\ComputacionGrafica\Codigo_C++\Semana4_T1\Nave_Espacial\Main.cpp(1291,18): warning C4244: 'argumento': conversión de 'float' a 'GLint'; posible pérdida de datos
C:\Users\PC\Desktop\UPN\6to--2023_2\ComputacionGrafica\Codigo_C++\Semana4_T1\Nave_Espacial\Main.cpp(1292,18): warning C4244: 'argumento': conversión de 'float' a 'GLint'; posible pérdida de datos
C:\Users\PC\Desktop\UPN\6to--2023_2\ComputacionGrafica\Codigo_C++\Semana4_T1\Nave_Espacial\Main.cpp(1293,18): warning C4244: 'argumento': conversión de 'float' a 'GLint'; posible pérdida de datos
C:\Users\PC\Desktop\UPN\6to--2023_2\ComputacionGrafica\Codigo_C++\Semana4_T1\Nave_Espacial\Main.cpp(1294,18): warning C4244: 'argumento': conversión de 'float' a 'GLint'; posible pérdida de datos
C:\Users\PC\Desktop\UPN\6to--2023_2\ComputacionGrafica\Codigo_C++\Semana4_T1\Nave_Espacial\Main.cpp(1295,18): warning C4244: 'argumento': conversión de 'float' a 'GLint'; posible pérdida de datos
C:\Users\PC\Desktop\UPN\6to--2023_2\ComputacionGrafica\Codigo_C++\Semana4_T1\Nave_Espacial\Main.cpp(1296,18): warning C4244: 'argumento': conversión de 'float' a 'GLint'; posible pérdida de datos
C:\Users\PC\Desktop\UPN\6to--2023_2\ComputacionGrafica\Codigo_C++\Semana4_T1\Nave_Espacial\Main.cpp(1297,18): warning C4244: 'argumento': conversión de 'float' a 'GLint'; posible pérdida de datos
C:\Users\PC\Desktop\UPN\6to--2023_2\ComputacionGrafica\Codigo_C++\Semana4_T1\Nave_Espacial\Main.cpp(1298,18): warning C4244: 'argumento': conversión de 'float' a 'GLint'; posible pérdida de datos
C:\Users\PC\Desktop\UPN\6to--2023_2\ComputacionGrafica\Codigo_C++\Semana4_T1\Nave_Espacial\Main.cpp(1299,18): warning C4244: 'argumento': conversión de 'float' a 'GLint'; posible pérdida de datos
C:\Users\PC\Desktop\UPN\6to--2023_2\ComputacionGrafica\Codigo_C++\Semana4_T1\Nave_Espacial\Main.cpp(1303,18): warning C4244: 'argumento': conversión de 'float' a 'GLint'; posible pérdida de datos
C:\Users\PC\Desktop\UPN\6to--2023_2\ComputacionGrafica\Codigo_C++\Semana4_T1\Nave_Espacial\Main.cpp(1304,18): warning C4244: 'argumento': conversión de 'float' a 'GLint'; posible pérdida de datos
C:\Users\PC\Desktop\UPN\6to--2023_2\ComputacionGrafica\Codigo_C++\Semana4_T1\Nave_Espacial\Main.cpp(1305,18): warning C4244: 'argumento': conversión de 'float' a 'GLint'; posible pérdida de datos
C:\Users\PC\Desktop\UPN\6to--2023_2\ComputacionGrafica\Codigo_C++\Semana4_T1\Nave_Espacial\Main.cpp(1306,18): warning C4244: 'argumento': conversión de 'float' a 'GLint'; posible pérdida de datos
C:\Users\PC\Desktop\UPN\6to--2023_2\ComputacionGrafica\Codigo_C++\Semana4_T1\Nave_Espacial\Main.cpp(1310,18): warning C4244: 'argumento': conversión de 'float' a 'GLint'; posible pérdida de datos
C:\Users\PC\Desktop\UPN\6to--2023_2\ComputacionGrafica\Codigo_C++\Semana4_T1\Nave_Espacial\Main.cpp(1311,18): warning C4244: 'argumento': conversión de 'float' a 'GLint'; posible pérdida de datos
C:\Users\PC\Desktop\UPN\6to--2023_2\ComputacionGrafica\Codigo_C++\Semana4_T1\Nave_Espacial\Main.cpp(1312,18): warning C4244: 'argumento': conversión de 'float' a 'GLint'; posible pérdida de datos
C:\Users\PC\Desktop\UPN\6to--2023_2\ComputacionGrafica\Codigo_C++\Semana4_T1\Nave_Espacial\Main.cpp(1313,18): warning C4244: 'argumento': conversión de 'float' a 'GLint'; posible pérdida de datos
C:\Users\PC\Desktop\UPN\6to--2023_2\ComputacionGrafica\Codigo_C++\Semana4_T1\Nave_Espacial\Main.cpp(1317,18): warning C4244: 'argumento': conversión de 'float' a 'GLint'; posible pérdida de datos
C:\Users\PC\Desktop\UPN\6to--2023_2\ComputacionGrafica\Codigo_C++\Semana4_T1\Nave_Espacial\Main.cpp(1318,18): warning C4244: 'argumento': conversión de 'float' a 'GLint'; posible pérdida de datos
C:\Users\PC\Desktop\UPN\6to--2023_2\ComputacionGrafica\Codigo_C++\Semana4_T1\Nave_Espacial\Main.cpp(1319,18): warning C4244: 'argumento': conversión de 'float' a 'GLint'; posible pérdida de datos
C:\Users\PC\Desktop\UPN\6to--2023_2\ComputacionGrafica\Codigo_C++\Semana4_T1\Nave_Espacial\Main.cpp(1320,18): warning C4244: 'argumento': conversión de 'float' a 'GLint'; posible pérdida de datos
C:\Users\PC\Desktop\UPN\6to--2023_2\ComputacionGrafica\Codigo_C++\Semana4_T1\Nave_Espacial\Main.cpp(1324,18): warning C4244: 'argumento': conversión de 'float' a 'GLint'; posible pérdida de datos
C:\Users\PC\Desktop\UPN\6to--2023_2\ComputacionGrafica\Codigo_C++\Semana4_T1\Nave_Espacial\Main.cpp(1325,18): warning C4244: 'argumento': conversión de 'float' a 'GLint'; posible pérdida de datos
C:\Users\PC\Desktop\UPN\6to--2023_2\ComputacionGrafica\Codigo_C++\Semana4_T1\Nave_Espacial\Main.cpp(1326,18): warning C4244: 'argumento': conversión de 'float' a 'GLint'; posible pérdida de datos
C:\Users\PC\Desktop\UPN\6to--2023_2\ComputacionGrafica\Codigo_C++\Semana4_T1\Nave_Espacial\Main.cpp(1327,18): warning C4244: 'argumento': conversión de 'float' a 'GLint'; posible pérdida de datos
C:\Users\PC\Desktop\UPN\6to--2023_2\ComputacionGrafica\Codigo_C++\Semana4_T1\Nave_Espacial\Main.cpp(1332,18): warning C4244: 'argumento': conversión de 'float' a 'GLint'; posible pérdida de datos
C:\Users\PC\Desktop\UPN\6to--2023_2\ComputacionGrafica\Codigo_C++\Semana4_T1\Nave_Espacial\Main.cpp(1333,18): warning C4244: 'argumento': conversión de 'float' a 'GLint'; posible pérdida de datos
C:\Users\PC\Desktop\UPN\6to--2023_2\ComputacionGrafica\Codigo_C++\Semana4_T1\Nave_Espacial\Main.cpp(1334,18): warning C4244: 'argumento': conversión de 'float' a 'GLint'; posible pérdida de datos
C:\Users\PC\Desktop\UPN\6to--2023_2\ComputacionGrafica\Codigo_C++\Semana4_T1\Nave_Espacial\Main.cpp(1335,18): warning C4244: 'argumento': conversión de 'float' a 'GLint'; posible pérdida de datos
C:\Users\PC\Desktop\UPN\6to--2023_2\ComputacionGrafica\Codigo_C++\Semana4_T1\Nave_Espacial\Main.cpp(1341,18): warning C4244: 'argumento': conversión de 'float' a 'GLint'; posible pérdida de datos
C:\Users\PC\Desktop\UPN\6to--2023_2\ComputacionGrafica\Codigo_C++\Semana4_T1\Nave_Espacial\Main.cpp(1342,18): warning C4244: 'argumento': conversión de 'float' a 'GLint'; posible pérdida de datos
C:\Users\PC\Desktop\UPN\6to--2023_2\ComputacionGrafica\Codigo_C++\Semana4_T1\Nave_Espacial\Main.cpp(1347,18): warning C4244: 'argumento': conversión de 'float' a 'GLint'; posible pérdida de datos
C:\Users\PC\Desktop\UPN\6to--2023_2\ComputacionGrafica\Codigo_C++\Semana4_T1\Nave_Espacial\Main.cpp(1348,18): warning C4244: 'argumento': conversión de 'float' a 'GLint'; posible pérdida de datos
C:\Users\PC\Desktop\UPN\6to--2023_2\ComputacionGrafica\Codigo_C++\Semana4_T1\Nave_Espacial\Main.cpp(1368,20): warning C4244: 'argumento': conversión de 'double' a 'GLfloat'; posible pérdida de datos
C:\Users\PC\Desktop\UPN\6to--2023_2\ComputacionGrafica\Codigo_C++\Semana4_T1\Nave_Espacial\Main.cpp(1369,20): warning C4244: 'argumento': conversión de 'double' a 'GLfloat'; posible pérdida de datos
C:\Users\PC\Desktop\UPN\6to--2023_2\ComputacionGrafica\Codigo_C++\Semana4_T1\Nave_Espacial\Main.cpp(1370,20): warning C4244: 'argumento': conversión de 'double' a 'GLfloat'; posible pérdida de datos
C:\Users\PC\Desktop\UPN\6to--2023_2\ComputacionGrafica\Codigo_C++\Semana4_T1\Nave_Espacial\Main.cpp(1395,11): warning C4305: '+=': truncamiento de 'double' a 'float'
C:\Users\PC\Desktop\UPN\6to--2023_2\ComputacionGrafica\Codigo_C++\Semana4_T1\Nave_Espacial\Main.cpp(1418,31): warning C4305: 'argumento': truncamiento de 'double' a 'GLfloat'
C:\Users\PC\Desktop\UPN\6to--2023_2\ComputacionGrafica\Codigo_C++\Semana4_T1\Nave_Espacial\Main.cpp(1486,25): warning C4305: 'argumento': truncamiento de 'double' a 'GLfloat'
C:\Users\PC\Desktop\UPN\6to--2023_2\ComputacionGrafica\Codigo_C++\Semana4_T1\Nave_Espacial\Main.cpp(1509,25): warning C4305: 'argumento': truncamiento de 'double' a 'GLfloat'
C:\Users\PC\Desktop\UPN\6to--2023_2\ComputacionGrafica\Codigo_C++\Semana4_T1\Nave_Espacial\Main.cpp(1523,31): warning C4305: 'argumento': truncamiento de 'double' a 'GLfloat'
C:\Users\PC\Desktop\UPN\6to--2023_2\ComputacionGrafica\Codigo_C++\Semana4_T1\Nave_Espacial\Main.cpp(1556,25): warning C4305: 'argumento': truncamiento de 'double' a 'GLfloat'
C:\Users\PC\Desktop\UPN\6to--2023_2\ComputacionGrafica\Codigo_C++\Semana4_T1\Nave_Espacial\Main.cpp(1566,25): warning C4305: 'argumento': truncamiento de 'double' a 'GLfloat'
C:\Users\PC\Desktop\UPN\6to--2023_2\ComputacionGrafica\Codigo_C++\Semana4_T1\Nave_Espacial\Main.cpp(1597,31): warning C4305: 'argumento': truncamiento de 'double' a 'GLfloat'
C:\Users\PC\Desktop\UPN\6to--2023_2\ComputacionGrafica\Codigo_C++\Semana4_T1\Nave_Espacial\Main.cpp(1629,25): warning C4305: 'argumento': truncamiento de 'double' a 'GLfloat'
C:\Users\PC\Desktop\UPN\6to--2023_2\ComputacionGrafica\Codigo_C++\Semana4_T1\Nave_Espacial\Main.cpp(1646,25): warning C4305: 'argumento': truncamiento de 'double' a 'GLfloat'
C:\Users\PC\Desktop\UPN\6to--2023_2\ComputacionGrafica\Codigo_C++\Semana4_T1\Nave_Espacial\Main.cpp(1657,25): warning C4305: 'argumento': truncamiento de 'double' a 'GLfloat'
C:\Users\PC\Desktop\UPN\6to--2023_2\ComputacionGrafica\Codigo_C++\Semana4_T1\Nave_Espacial\Main.cpp(1675,25): warning C4305: 'argumento': truncamiento de 'double' a 'GLfloat'
C:\Users\PC\Desktop\UPN\6to--2023_2\ComputacionGrafica\Codigo_C++\Semana4_T1\Nave_Espacial\Main.cpp(1708,31): warning C4305: 'argumento': truncamiento de 'double' a 'GLfloat'
C:\Users\PC\Desktop\UPN\6to--2023_2\ComputacionGrafica\Codigo_C++\Semana4_T1\Nave_Espacial\Main.cpp(1777,10): warning C4244: '+=': conversión de 'double' a 'int'; posible pérdida de datos
C:\Users\PC\Desktop\UPN\6to--2023_2\ComputacionGrafica\Codigo_C++\Semana4_T1\Nave_Espacial\Main.cpp(1831,12): warning C4244: '+=': conversión de 'double' a 'int'; posible pérdida de datos
C:\Users\PC\Desktop\UPN\6to--2023_2\ComputacionGrafica\Codigo_C++\Semana4_T1\Nave_Espacial\Main.cpp(1833,11): warning C4244: '+=': conversión de 'double' a 'int'; posible pérdida de datos
C:\Users\PC\Desktop\UPN\6to--2023_2\ComputacionGrafica\Codigo_C++\Semana4_T1\Nave_Espacial\Main.cpp(2143,30): warning C4244: 'argumento': conversión de 'double' a 'int'; posible pérdida de datos
C:\Users\PC\Desktop\UPN\6to--2023_2\ComputacionGrafica\Codigo_C++\Semana4_T1\Nave_Espacial\Main.cpp(2143,25): warning C4244: 'argumento': conversión de 'double' a 'int'; posible pérdida de datos
  Nave_Espacial.vcxproj -> C:\Users\PC\Desktop\UPN\6to--2023_2\ComputacionGrafica\Codigo_C++\Semana4_T1\x64\Debug\Nave_Espacial.exe
